mode: set
order_kafe/detail_order/mock_repository.go:14.56,16.2 1 0
order_kafe/detail_order/mock_repository.go:18.88,20.28 2 0
order_kafe/detail_order/mock_repository.go:20.28,22.3 1 0
order_kafe/detail_order/mock_repository.go:22.8,25.3 2 0
order_kafe/detail_order/repository.go:17.67,19.2 1 0
order_kafe/detail_order/repository.go:21.95,23.16 2 0
order_kafe/detail_order/repository.go:27.2,27.20 1 0
order_kafe/detail_order/repository.go:23.16,25.3 1 0
order_kafe/detail_order/service.go:13.82,15.2 1 0
order_kafe/detail_order/service.go:17.117,20.26 2 0
order_kafe/detail_order/service.go:25.2,26.16 2 0
order_kafe/detail_order/service.go:30.2,30.23 1 0
order_kafe/detail_order/service.go:20.26,22.3 1 0
order_kafe/detail_order/service.go:26.16,28.3 1 0
order_kafe/category/repository.go:16.61,18.2 1 1
order_kafe/category/repository.go:20.74,22.16 2 0
order_kafe/category/repository.go:26.2,26.22 1 0
order_kafe/category/repository.go:22.16,24.3 1 0
order_kafe/category/repository.go:29.62,33.16 3 1
order_kafe/category/repository.go:37.2,37.24 1 1
order_kafe/category/repository.go:33.16,35.3 1 0
order_kafe/category/repository.go:40.66,43.16 3 1
order_kafe/category/repository.go:47.2,47.22 1 1
order_kafe/category/repository.go:43.16,45.3 1 0
order_kafe/category/repository.go:50.77,52.16 2 1
order_kafe/category/repository.go:56.2,56.23 1 1
order_kafe/category/repository.go:52.16,54.3 1 0
order_kafe/category/service.go:16.73,18.2 1 0
order_kafe/category/service.go:20.88,28.16 4 1
order_kafe/category/service.go:32.2,32.21 1 1
order_kafe/category/service.go:28.16,30.3 1 0
order_kafe/category/service.go:35.66,37.16 2 1
order_kafe/category/service.go:41.2,41.24 1 1
order_kafe/category/service.go:37.16,39.3 1 0
order_kafe/category/service.go:44.69,46.16 2 1
order_kafe/category/service.go:50.2,51.19 2 1
order_kafe/category/service.go:55.2,55.24 1 0
order_kafe/category/service.go:46.16,48.3 1 0
order_kafe/category/service.go:51.19,53.3 1 1
order_kafe/category/service.go:58.70,60.16 2 1
order_kafe/category/service.go:64.2,64.22 1 1
order_kafe/category/service.go:60.16,62.3 1 0
order_kafe/category/test_init.go:16.29,20.16 3 1
order_kafe/category/test_init.go:23.2,36.16 2 1
order_kafe/category/test_init.go:39.2,47.11 5 1
order_kafe/category/test_init.go:20.16,21.13 1 0
order_kafe/category/test_init.go:36.16,37.13 1 0
order_kafe/category/mock_repository.go:13.56,15.2 1 0
order_kafe/category/mock_repository.go:22.70,24.28 2 1
order_kafe/category/mock_repository.go:24.28,26.3 1 0
order_kafe/category/mock_repository.go:26.8,29.3 2 1
order_kafe/category/mock_repository.go:32.58,35.28 2 1
order_kafe/category/mock_repository.go:35.28,37.3 1 0
order_kafe/category/mock_repository.go:37.8,40.3 2 1
order_kafe/category/mock_repository.go:43.62,46.28 2 1
order_kafe/category/mock_repository.go:46.28,48.3 1 0
order_kafe/category/mock_repository.go:48.8,51.3 2 1
order_kafe/category/mock_repository.go:54.73,56.28 2 1
order_kafe/category/mock_repository.go:56.28,58.3 1 1
order_kafe/category/mock_repository.go:58.8,61.3 2 0
order_kafe/item/test_init.go:16.29,20.16 3 1
order_kafe/item/test_init.go:23.2,36.16 2 1
order_kafe/item/test_init.go:39.2,47.11 5 1
order_kafe/item/test_init.go:20.16,21.13 1 0
order_kafe/item/test_init.go:36.16,37.13 1 0
order_kafe/item/formatter.go:11.42,21.2 7 0
order_kafe/item/formatter.go:23.48,24.21 1 0
order_kafe/item/formatter.go:28.2,30.29 2 0
order_kafe/item/formatter.go:35.2,35.23 1 0
order_kafe/item/formatter.go:24.21,26.3 1 0
order_kafe/item/formatter.go:30.29,33.3 2 0
order_kafe/item/mock_repository.go:13.56,15.2 1 0
order_kafe/item/mock_repository.go:23.56,25.28 2 1
order_kafe/item/mock_repository.go:25.28,27.3 1 0
order_kafe/item/mock_repository.go:27.8,30.3 2 1
order_kafe/item/mock_repository.go:33.53,36.28 2 1
order_kafe/item/mock_repository.go:36.28,38.3 1 0
order_kafe/item/mock_repository.go:38.8,41.3 2 1
order_kafe/item/mock_repository.go:44.57,47.28 2 1
order_kafe/item/mock_repository.go:47.28,49.3 1 1
order_kafe/item/mock_repository.go:49.8,52.3 2 1
order_kafe/item/mock_repository.go:55.58,57.28 2 1
order_kafe/item/mock_repository.go:57.28,59.3 1 1
order_kafe/item/mock_repository.go:59.8,62.3 2 0
order_kafe/item/mock_repository.go:65.58,67.28 2 0
order_kafe/item/mock_repository.go:67.28,69.3 1 0
order_kafe/item/mock_repository.go:69.8,72.3 2 0
order_kafe/item/repository.go:17.53,19.2 1 1
order_kafe/item/repository.go:21.56,23.16 2 0
order_kafe/item/repository.go:27.2,27.18 1 0
order_kafe/item/repository.go:23.16,25.3 1 0
order_kafe/item/repository.go:30.53,34.16 3 1
order_kafe/item/repository.go:38.2,38.19 1 1
order_kafe/item/repository.go:34.16,36.3 1 0
order_kafe/item/repository.go:41.57,44.16 3 1
order_kafe/item/repository.go:48.2,48.18 1 1
order_kafe/item/repository.go:44.16,46.3 1 0
order_kafe/item/repository.go:51.58,54.16 2 0
order_kafe/item/repository.go:58.2,58.18 1 0
order_kafe/item/repository.go:54.16,56.3 1 0
order_kafe/item/repository.go:61.58,63.16 2 1
order_kafe/item/repository.go:67.2,67.18 1 1
order_kafe/item/repository.go:63.16,65.3 1 0
order_kafe/item/service.go:19.109,21.2 1 0
order_kafe/item/service.go:23.71,36.20 9 1
order_kafe/item/service.go:40.2,44.16 3 1
order_kafe/item/service.go:48.2,48.21 1 1
order_kafe/item/service.go:36.20,38.3 1 0
order_kafe/item/service.go:44.16,46.3 1 0
order_kafe/item/service.go:51.76,53.16 2 0
order_kafe/item/service.go:57.2,60.22 3 0
order_kafe/item/service.go:64.2,64.25 1 0
order_kafe/item/service.go:53.16,55.3 1 0
order_kafe/item/service.go:60.22,62.3 1 0
order_kafe/item/service.go:67.52,69.16 2 1
order_kafe/item/service.go:73.2,73.19 1 1
order_kafe/item/service.go:69.16,71.3 1 0
order_kafe/item/service.go:76.53,78.16 2 1
order_kafe/item/service.go:82.2,82.18 1 1
order_kafe/item/service.go:78.16,80.3 1 0
order_kafe/item/service.go:86.79,88.20 2 1
order_kafe/item/service.go:92.2,99.22 7 0
order_kafe/item/service.go:103.2,103.25 1 0
order_kafe/item/service.go:88.20,90.3 1 1
order_kafe/item/service.go:99.22,101.3 1 0
order_kafe/item/service.go:106.56,108.16 2 1
order_kafe/item/service.go:112.2,113.19 2 1
order_kafe/item/service.go:117.2,117.24 1 0
order_kafe/item/service.go:108.16,110.3 1 0
order_kafe/item/service.go:113.19,115.3 1 1
order_kafe/user/service.go:22.61,24.2 1 0
order_kafe/user/service.go:26.67,31.20 3 0
order_kafe/user/service.go:36.2,43.16 6 0
order_kafe/user/service.go:47.2,47.18 1 0
order_kafe/user/service.go:31.20,33.3 1 0
order_kafe/user/service.go:43.16,45.3 1 0
order_kafe/user/service.go:50.61,55.16 4 1
order_kafe/user/service.go:60.2,60.18 1 1
order_kafe/user/service.go:64.2,65.16 2 1
order_kafe/user/service.go:69.2,69.18 1 1
order_kafe/user/service.go:55.16,57.3 1 0
order_kafe/user/service.go:60.18,62.3 1 0
order_kafe/user/service.go:65.16,67.3 1 0
order_kafe/user/service.go:72.77,76.16 3 1
order_kafe/user/service.go:80.2,80.18 1 1
order_kafe/user/service.go:84.2,84.19 1 1
order_kafe/user/service.go:76.16,78.3 1 0
order_kafe/user/service.go:80.18,82.3 1 0
order_kafe/user/service.go:87.75,89.20 2 1
order_kafe/user/service.go:93.2,99.22 6 0
order_kafe/user/service.go:103.2,103.25 1 0
order_kafe/user/service.go:89.20,91.3 1 1
order_kafe/user/service.go:99.22,101.3 1 0
order_kafe/user/service.go:106.77,108.16 2 1
order_kafe/user/service.go:112.2,115.22 3 1
order_kafe/user/service.go:119.2,119.25 1 1
order_kafe/user/service.go:108.16,110.3 1 0
order_kafe/user/service.go:115.22,117.3 1 0
order_kafe/user/service.go:122.57,124.16 2 1
order_kafe/user/service.go:128.2,128.18 1 1
order_kafe/user/service.go:132.2,132.18 1 1
order_kafe/user/service.go:124.16,126.3 1 0
order_kafe/user/service.go:128.18,130.3 1 0
order_kafe/user/test_init.go:16.29,20.16 3 1
order_kafe/user/test_init.go:23.2,36.16 2 1
order_kafe/user/test_init.go:39.2,47.11 5 1
order_kafe/user/test_init.go:20.16,21.13 1 0
order_kafe/user/test_init.go:36.16,37.13 1 0
order_kafe/user/formatter.go:12.56,23.2 2 0
order_kafe/user/mock_repository.go:21.56,23.2 1 0
order_kafe/user/mock_repository.go:25.56,28.28 2 0
order_kafe/user/mock_repository.go:28.28,30.3 1 0
order_kafe/user/mock_repository.go:30.8,33.3 2 0
order_kafe/user/mock_repository.go:36.57,38.28 2 1
order_kafe/user/mock_repository.go:38.28,40.3 1 1
order_kafe/user/mock_repository.go:40.8,43.3 2 1
order_kafe/user/mock_repository.go:46.66,49.28 3 1
order_kafe/user/mock_repository.go:49.28,51.3 1 0
order_kafe/user/mock_repository.go:51.8,54.3 2 1
order_kafe/user/mock_repository.go:57.58,59.28 2 1
order_kafe/user/mock_repository.go:59.28,61.3 1 0
order_kafe/user/mock_repository.go:61.8,64.3 2 1
order_kafe/user/mock_repository.go:66.62,68.28 2 0
order_kafe/user/mock_repository.go:68.28,70.3 1 0
order_kafe/user/mock_repository.go:70.8,73.3 2 0
order_kafe/user/mock_repository.go:76.62,78.28 2 0
order_kafe/user/mock_repository.go:78.28,80.3 1 0
order_kafe/user/mock_repository.go:80.8,83.3 2 0
order_kafe/user/repository.go:17.53,19.2 1 1
order_kafe/user/repository.go:21.56,23.16 2 0
order_kafe/user/repository.go:27.2,27.18 1 0
order_kafe/user/repository.go:23.16,25.3 1 0
order_kafe/user/repository.go:30.57,33.16 3 1
order_kafe/user/repository.go:37.2,37.18 1 1
order_kafe/user/repository.go:33.16,35.3 1 0
order_kafe/user/repository.go:40.66,44.16 3 1
order_kafe/user/repository.go:48.2,48.18 1 1
order_kafe/user/repository.go:44.16,46.3 1 0
order_kafe/user/repository.go:51.58,54.16 2 0
order_kafe/user/repository.go:58.2,58.18 1 0
order_kafe/user/repository.go:54.16,56.3 1 0
order_kafe/user/repository.go:61.62,63.16 2 0
order_kafe/user/repository.go:67.2,67.18 1 0
order_kafe/user/repository.go:63.16,65.3 1 0
