mode: set
order_kafe/user/test_init.go:16.29,20.16 3 0
order_kafe/user/test_init.go:23.2,36.16 2 0
order_kafe/user/test_init.go:39.2,47.11 5 0
order_kafe/user/test_init.go:20.16,21.13 1 0
order_kafe/user/test_init.go:36.16,37.13 1 0
order_kafe/order/repository.go:17.55,19.2 1 0
order_kafe/order/repository.go:21.60,23.16 2 0
order_kafe/order/repository.go:27.2,27.19 1 0
order_kafe/order/repository.go:23.16,25.3 1 0
order_kafe/order/repository.go:30.55,34.16 3 0
order_kafe/order/repository.go:38.2,38.20 1 0
order_kafe/order/repository.go:34.16,36.3 1 0
order_kafe/database/database.go:17.41,22.16 3 0
order_kafe/database/database.go:28.2,28.40 1 0
order_kafe/database/database.go:22.16,23.13 1 0
order_kafe/database/database.go:24.8,26.3 1 0
order_kafe/database/database.go:28.40,31.22 2 0
order_kafe/database/database.go:31.22,33.4 1 0
order_kafe/detail_order/service.go:13.82,15.2 1 0
order_kafe/detail_order/service.go:17.117,20.26 2 0
order_kafe/detail_order/service.go:25.2,26.16 2 0
order_kafe/detail_order/service.go:30.2,30.23 1 0
order_kafe/detail_order/service.go:20.26,22.3 1 0
order_kafe/detail_order/service.go:26.16,28.3 1 0
order_kafe/controller/user_controller.go:18.93,20.2 1 0
order_kafe/controller/user_controller.go:22.58,25.16 3 0
order_kafe/controller/user_controller.go:32.2,33.20 2 0
order_kafe/controller/user_controller.go:40.2,42.21 2 0
order_kafe/controller/user_controller.go:49.2,53.33 3 0
order_kafe/controller/user_controller.go:25.16,30.3 3 0
order_kafe/controller/user_controller.go:33.20,38.3 3 0
order_kafe/controller/user_controller.go:42.21,47.3 3 0
order_kafe/controller/user_controller.go:56.48,60.16 3 0
order_kafe/controller/user_controller.go:66.2,67.21 2 0
order_kafe/controller/user_controller.go:74.2,76.21 2 0
order_kafe/controller/user_controller.go:83.2,87.33 3 0
order_kafe/controller/user_controller.go:60.16,64.3 3 0
order_kafe/controller/user_controller.go:67.21,72.3 3 0
order_kafe/controller/user_controller.go:76.21,81.3 3 0
order_kafe/controller/user_controller.go:90.65,94.16 3 0
order_kafe/controller/user_controller.go:103.2,104.16 2 0
order_kafe/controller/user_controller.go:111.2,117.22 3 0
order_kafe/controller/user_controller.go:121.2,122.33 2 0
order_kafe/controller/user_controller.go:94.16,101.3 5 0
order_kafe/controller/user_controller.go:104.16,109.3 4 0
order_kafe/controller/user_controller.go:117.22,119.3 1 0
order_kafe/controller/user_controller.go:125.55,127.16 2 0
order_kafe/controller/user_controller.go:136.2,142.21 5 0
order_kafe/controller/user_controller.go:150.2,151.20 2 0
order_kafe/controller/user_controller.go:159.2,162.28 3 0
order_kafe/controller/user_controller.go:127.16,133.3 4 0
order_kafe/controller/user_controller.go:142.21,148.3 4 0
order_kafe/controller/user_controller.go:151.20,157.3 4 0
order_kafe/controller/user_controller.go:165.53,172.16 5 0
order_kafe/controller/user_controller.go:179.2,180.22 2 0
order_kafe/controller/user_controller.go:187.2,189.33 2 0
order_kafe/controller/user_controller.go:172.16,177.3 3 0
order_kafe/controller/user_controller.go:180.22,185.3 3 0
order_kafe/category/mock_repository.go:13.56,15.2 1 0
order_kafe/category/mock_repository.go:22.70,24.28 2 0
order_kafe/category/mock_repository.go:24.28,26.3 1 0
order_kafe/category/mock_repository.go:26.8,29.3 2 0
order_kafe/category/mock_repository.go:32.58,35.28 2 0
order_kafe/category/mock_repository.go:35.28,37.3 1 0
order_kafe/category/mock_repository.go:37.8,40.3 2 0
order_kafe/category/mock_repository.go:43.62,46.28 2 0
order_kafe/category/mock_repository.go:46.28,48.3 1 0
order_kafe/category/mock_repository.go:48.8,51.3 2 0
order_kafe/category/mock_repository.go:54.73,56.28 2 0
order_kafe/category/mock_repository.go:56.28,58.3 1 0
order_kafe/category/mock_repository.go:58.8,61.3 2 0
order_kafe/category/test_init.go:16.29,20.16 3 0
order_kafe/category/test_init.go:23.2,36.16 2 0
order_kafe/category/test_init.go:39.2,47.11 5 0
order_kafe/category/test_init.go:20.16,21.13 1 0
order_kafe/category/test_init.go:36.16,37.13 1 0
order_kafe/user/mock_repository.go:21.56,23.2 1 0
order_kafe/user/mock_repository.go:25.56,28.28 2 0
order_kafe/user/mock_repository.go:28.28,30.3 1 0
order_kafe/user/mock_repository.go:30.8,33.3 2 0
order_kafe/user/mock_repository.go:36.57,38.28 2 0
order_kafe/user/mock_repository.go:38.28,40.3 1 0
order_kafe/user/mock_repository.go:40.8,43.3 2 0
order_kafe/user/mock_repository.go:46.66,49.28 3 0
order_kafe/user/mock_repository.go:49.28,51.3 1 0
order_kafe/user/mock_repository.go:51.8,54.3 2 0
order_kafe/user/mock_repository.go:57.58,59.28 2 0
order_kafe/user/mock_repository.go:59.28,61.3 1 0
order_kafe/user/mock_repository.go:61.8,64.3 2 0
order_kafe/user/mock_repository.go:66.62,68.28 2 0
order_kafe/user/mock_repository.go:68.28,70.3 1 0
order_kafe/user/mock_repository.go:70.8,73.3 2 0
order_kafe/user/mock_repository.go:76.62,78.28 2 0
order_kafe/user/mock_repository.go:78.28,80.3 1 0
order_kafe/user/mock_repository.go:80.8,83.3 2 0
order_kafe/order/formatter.go:16.54,25.2 6 0
order_kafe/order/formatter.go:27.59,28.21 1 0
order_kafe/order/formatter.go:32.2,34.36 2 0
order_kafe/order/formatter.go:39.2,39.23 1 0
order_kafe/order/formatter.go:28.21,30.3 1 0
order_kafe/order/formatter.go:34.36,37.3 2 0
order_kafe/order/formatter.go:42.48,45.34 2 0
order_kafe/order/formatter.go:49.2,49.15 1 0
order_kafe/order/formatter.go:45.34,47.3 1 0
order_kafe/controller/category_controller.go:18.87,20.2 1 0
order_kafe/controller/category_controller.go:22.67,28.25 4 0
order_kafe/controller/category_controller.go:35.2,36.16 2 0
order_kafe/controller/category_controller.go:43.2,44.20 2 0
order_kafe/controller/category_controller.go:52.2,54.33 2 0
order_kafe/controller/category_controller.go:28.25,33.3 3 0
order_kafe/controller/category_controller.go:36.16,41.3 3 0
order_kafe/controller/category_controller.go:44.20,48.3 2 0
order_kafe/controller/category_controller.go:57.63,59.16 2 0
order_kafe/controller/category_controller.go:66.2,68.33 2 0
order_kafe/controller/category_controller.go:59.16,64.3 3 0
order_kafe/controller/category_controller.go:71.64,77.25 4 0
order_kafe/controller/category_controller.go:84.2,85.16 2 0
order_kafe/controller/category_controller.go:92.2,92.22 1 0
order_kafe/controller/category_controller.go:99.2,100.19 2 0
order_kafe/controller/category_controller.go:107.2,108.19 2 0
order_kafe/controller/category_controller.go:115.2,115.21 1 0
order_kafe/controller/category_controller.go:122.2,124.33 2 0
order_kafe/controller/category_controller.go:77.25,82.3 3 0
order_kafe/controller/category_controller.go:85.16,90.3 3 0
order_kafe/controller/category_controller.go:92.22,97.3 3 0
order_kafe/controller/category_controller.go:100.19,105.3 3 0
order_kafe/controller/category_controller.go:108.19,113.3 3 0
order_kafe/controller/category_controller.go:115.21,120.3 3 0
order_kafe/user/service.go:22.61,24.2 1 0
order_kafe/user/service.go:26.67,31.20 3 0
order_kafe/user/service.go:36.2,43.16 6 0
order_kafe/user/service.go:47.2,47.18 1 0
order_kafe/user/service.go:31.20,33.3 1 0
order_kafe/user/service.go:43.16,45.3 1 0
order_kafe/user/service.go:50.61,55.16 4 0
order_kafe/user/service.go:60.2,60.18 1 0
order_kafe/user/service.go:64.2,65.16 2 0
order_kafe/user/service.go:69.2,69.18 1 0
order_kafe/user/service.go:55.16,57.3 1 0
order_kafe/user/service.go:60.18,62.3 1 0
order_kafe/user/service.go:65.16,67.3 1 0
order_kafe/user/service.go:72.77,76.16 3 0
order_kafe/user/service.go:80.2,80.18 1 0
order_kafe/user/service.go:84.2,84.19 1 0
order_kafe/user/service.go:76.16,78.3 1 0
order_kafe/user/service.go:80.18,82.3 1 0
order_kafe/user/service.go:87.75,89.20 2 0
order_kafe/user/service.go:93.2,99.22 6 0
order_kafe/user/service.go:103.2,103.25 1 0
order_kafe/user/service.go:89.20,91.3 1 0
order_kafe/user/service.go:99.22,101.3 1 0
order_kafe/user/service.go:106.77,108.16 2 0
order_kafe/user/service.go:112.2,115.22 3 0
order_kafe/user/service.go:119.2,119.25 1 0
order_kafe/user/service.go:108.16,110.3 1 0
order_kafe/user/service.go:115.22,117.3 1 0
order_kafe/user/service.go:122.57,124.16 2 0
order_kafe/user/service.go:128.2,128.18 1 0
order_kafe/user/service.go:132.2,132.18 1 0
order_kafe/user/service.go:124.16,126.3 1 0
order_kafe/user/service.go:128.18,130.3 1 0
order_kafe/order/service.go:15.94,17.2 1 0
order_kafe/order/service.go:19.59,23.20 3 0
order_kafe/order/service.go:26.2,31.21 5 0
order_kafe/order/service.go:35.2,35.22 1 0
order_kafe/order/service.go:23.20,25.3 1 0
order_kafe/order/service.go:31.21,33.3 1 0
order_kafe/order/service.go:38.53,40.16 2 0
order_kafe/order/service.go:44.2,44.19 1 0
order_kafe/order/service.go:40.16,42.3 1 0
order_kafe/helper/helper.go:16.86,29.2 3 0
order_kafe/helper/helper.go:31.48,34.53 2 0
order_kafe/helper/helper.go:38.2,38.15 1 0
order_kafe/helper/helper.go:34.53,36.3 1 0
order_kafe/config/config.go:17.33,32.2 1 0
order_kafe/config/config.go:34.55,36.47 1 0
order_kafe/config/config.go:41.2,41.21 1 0
order_kafe/config/config.go:36.47,38.3 1 0
order_kafe/category/service.go:16.73,18.2 1 0
order_kafe/category/service.go:20.88,28.16 4 0
order_kafe/category/service.go:32.2,32.21 1 0
order_kafe/category/service.go:28.16,30.3 1 0
order_kafe/category/service.go:35.66,37.16 2 0
order_kafe/category/service.go:41.2,41.24 1 0
order_kafe/category/service.go:37.16,39.3 1 0
order_kafe/category/service.go:44.69,46.16 2 0
order_kafe/category/service.go:50.2,51.19 2 0
order_kafe/category/service.go:55.2,55.24 1 0
order_kafe/category/service.go:46.16,48.3 1 0
order_kafe/category/service.go:51.19,53.3 1 0
order_kafe/category/service.go:58.70,60.16 2 0
order_kafe/category/service.go:64.2,64.22 1 0
order_kafe/category/service.go:60.16,62.3 1 0
order_kafe/item/formatter.go:11.42,21.2 7 0
order_kafe/item/formatter.go:23.48,24.21 1 0
order_kafe/item/formatter.go:28.2,30.29 2 0
order_kafe/item/formatter.go:35.2,35.23 1 0
order_kafe/item/formatter.go:24.21,26.3 1 0
order_kafe/item/formatter.go:30.29,33.3 2 0
order_kafe/detail_order/mock_repository.go:14.56,16.2 1 0
order_kafe/detail_order/mock_repository.go:18.88,20.28 2 0
order_kafe/detail_order/mock_repository.go:20.28,22.3 1 0
order_kafe/detail_order/mock_repository.go:22.8,25.3 2 0
order_kafe/detail_order/repository.go:17.67,19.2 1 0
order_kafe/detail_order/repository.go:21.95,23.16 2 0
order_kafe/detail_order/repository.go:27.2,27.20 1 0
order_kafe/detail_order/repository.go:23.16,25.3 1 0
order_kafe/user/formatter.go:12.56,23.2 2 0
order_kafe/transaction/formatter.go:13.78,23.2 7 0
order_kafe/transaction/formatter.go:25.84,26.28 1 0
order_kafe/transaction/formatter.go:30.2,32.43 2 0
order_kafe/transaction/formatter.go:37.2,37.30 1 0
order_kafe/transaction/formatter.go:26.28,28.3 1 0
order_kafe/transaction/formatter.go:32.43,35.3 2 0
order_kafe/transaction/formatter.go:51.70,64.2 10 0
order_kafe/controller/order_controller.go:19.113,21.2 1 0
order_kafe/controller/order_controller.go:23.61,31.16 5 0
order_kafe/controller/order_controller.go:39.2,40.21 2 0
order_kafe/controller/order_controller.go:45.2,49.22 3 0
order_kafe/controller/order_controller.go:57.2,59.33 2 0
order_kafe/controller/order_controller.go:31.16,36.3 3 0
order_kafe/controller/order_controller.go:40.21,44.3 2 0
order_kafe/controller/order_controller.go:49.22,53.3 2 0
order_kafe/controller/order_controller.go:62.60,66.25 3 0
order_kafe/controller/order_controller.go:73.2,74.16 2 0
order_kafe/controller/order_controller.go:81.2,84.33 3 0
order_kafe/controller/order_controller.go:66.25,71.3 3 0
order_kafe/controller/order_controller.go:74.16,79.3 3 0
order_kafe/main.go:23.13,84.2 43 0
order_kafe/main.go:86.93,87.30 1 0
order_kafe/main.go:87.30,90.46 2 0
order_kafe/main.go:96.3,98.27 3 0
order_kafe/main.go:102.3,103.17 2 0
order_kafe/main.go:109.3,111.26 2 0
order_kafe/main.go:117.3,120.17 3 0
order_kafe/main.go:126.3,126.29 1 0
order_kafe/main.go:90.46,94.4 3 0
order_kafe/main.go:98.27,100.4 1 0
order_kafe/main.go:103.17,107.4 3 0
order_kafe/main.go:111.26,115.4 3 0
order_kafe/main.go:120.17,124.4 3 0
order_kafe/item/test_init.go:16.29,20.16 3 0
order_kafe/item/test_init.go:23.2,36.16 2 0
order_kafe/item/test_init.go:39.2,47.11 5 0
order_kafe/item/test_init.go:20.16,21.13 1 0
order_kafe/item/test_init.go:36.16,37.13 1 0
order_kafe/transaction/repository.go:16.67,18.2 1 0
order_kafe/transaction/repository.go:20.80,24.16 3 0
order_kafe/transaction/repository.go:28.2,28.26 1 0
order_kafe/transaction/repository.go:24.16,26.3 1 0
order_kafe/transaction/repository.go:31.74,35.16 3 0
order_kafe/transaction/repository.go:39.2,39.26 1 0
order_kafe/transaction/repository.go:35.16,37.3 1 0
order_kafe/transaction/repository.go:42.84,44.16 2 0
order_kafe/transaction/repository.go:48.2,48.25 1 0
order_kafe/transaction/repository.go:44.16,46.3 1 0
order_kafe/transaction/repository.go:51.86,53.16 2 0
order_kafe/transaction/repository.go:57.2,57.25 1 0
order_kafe/transaction/repository.go:53.16,55.3 1 0
order_kafe/controller/transaction_controller.go:19.102,21.2 1 0
order_kafe/controller/transaction_controller.go:23.72,29.16 4 0
order_kafe/controller/transaction_controller.go:36.2,39.33 3 0
order_kafe/controller/transaction_controller.go:29.16,34.3 3 0
order_kafe/controller/transaction_controller.go:42.68,46.25 3 0
order_kafe/controller/transaction_controller.go:53.2,54.16 2 0
order_kafe/controller/transaction_controller.go:61.2,64.33 3 0
order_kafe/controller/transaction_controller.go:46.25,51.3 3 0
order_kafe/controller/transaction_controller.go:54.16,59.3 3 0
order_kafe/controller/transaction_controller.go:67.70,71.16 3 0
order_kafe/controller/transaction_controller.go:80.2,84.21 4 0
order_kafe/controller/transaction_controller.go:90.2,93.33 3 0
order_kafe/controller/transaction_controller.go:71.16,78.3 5 0
order_kafe/controller/transaction_controller.go:84.21,88.3 3 0
order_kafe/auth/jwt.go:19.31,21.2 1 0
order_kafe/auth/jwt.go:23.89,34.16 8 0
order_kafe/auth/jwt.go:38.2,38.25 1 0
order_kafe/auth/jwt.go:34.16,36.3 1 0
order_kafe/auth/jwt.go:41.77,42.84 1 0
order_kafe/auth/jwt.go:53.2,53.16 1 0
order_kafe/auth/jwt.go:57.2,57.19 1 0
order_kafe/auth/jwt.go:42.84,45.10 2 0
order_kafe/auth/jwt.go:49.3,49.57 1 0
order_kafe/auth/jwt.go:45.10,47.4 1 0
order_kafe/auth/jwt.go:53.16,55.3 1 0
order_kafe/user/repository.go:17.53,19.2 1 0
order_kafe/user/repository.go:21.56,23.16 2 0
order_kafe/user/repository.go:27.2,27.18 1 0
order_kafe/user/repository.go:23.16,25.3 1 0
order_kafe/user/repository.go:30.57,33.16 3 0
order_kafe/user/repository.go:37.2,37.18 1 0
order_kafe/user/repository.go:33.16,35.3 1 0
order_kafe/user/repository.go:40.66,44.16 3 0
order_kafe/user/repository.go:48.2,48.18 1 0
order_kafe/user/repository.go:44.16,46.3 1 0
order_kafe/user/repository.go:51.58,54.16 2 0
order_kafe/user/repository.go:58.2,58.18 1 0
order_kafe/user/repository.go:54.16,56.3 1 0
order_kafe/user/repository.go:61.62,63.16 2 0
order_kafe/user/repository.go:67.2,67.18 1 0
order_kafe/user/repository.go:63.16,65.3 1 0
order_kafe/item/service.go:19.109,21.2 1 0
order_kafe/item/service.go:23.71,36.20 9 0
order_kafe/item/service.go:40.2,44.16 3 0
order_kafe/item/service.go:48.2,48.21 1 0
order_kafe/item/service.go:36.20,38.3 1 0
order_kafe/item/service.go:44.16,46.3 1 0
order_kafe/item/service.go:51.76,53.16 2 0
order_kafe/item/service.go:57.2,60.22 3 0
order_kafe/item/service.go:64.2,64.25 1 0
order_kafe/item/service.go:53.16,55.3 1 0
order_kafe/item/service.go:60.22,62.3 1 0
order_kafe/item/service.go:67.52,69.16 2 0
order_kafe/item/service.go:73.2,73.19 1 0
order_kafe/item/service.go:69.16,71.3 1 0
order_kafe/item/service.go:76.53,78.16 2 0
order_kafe/item/service.go:82.2,82.18 1 0
order_kafe/item/service.go:78.16,80.3 1 0
order_kafe/item/service.go:86.79,88.20 2 0
order_kafe/item/service.go:92.2,99.22 7 0
order_kafe/item/service.go:103.2,103.25 1 0
order_kafe/item/service.go:88.20,90.3 1 0
order_kafe/item/service.go:99.22,101.3 1 0
order_kafe/item/service.go:106.56,108.16 2 0
order_kafe/item/service.go:112.2,113.19 2 0
order_kafe/item/service.go:117.2,117.24 1 0
order_kafe/item/service.go:108.16,110.3 1 0
order_kafe/item/service.go:113.19,115.3 1 0
order_kafe/controller/menu_controller.go:19.67,21.2 1 0
order_kafe/controller/menu_controller.go:23.59,27.25 3 0
order_kafe/controller/menu_controller.go:34.2,37.16 3 0
order_kafe/controller/menu_controller.go:44.2,45.20 2 0
order_kafe/controller/menu_controller.go:54.2,56.33 2 0
order_kafe/controller/menu_controller.go:27.25,32.3 3 0
order_kafe/controller/menu_controller.go:37.16,42.3 3 0
order_kafe/controller/menu_controller.go:45.20,50.3 3 0
order_kafe/controller/menu_controller.go:59.54,61.16 2 0
order_kafe/controller/menu_controller.go:68.2,71.33 3 0
order_kafe/controller/menu_controller.go:61.16,66.3 3 0
order_kafe/controller/menu_controller.go:74.57,80.25 4 0
order_kafe/controller/menu_controller.go:87.2,89.16 3 0
order_kafe/controller/menu_controller.go:96.2,97.22 2 0
order_kafe/controller/menu_controller.go:104.2,106.33 2 0
order_kafe/controller/menu_controller.go:80.25,85.3 3 0
order_kafe/controller/menu_controller.go:89.16,94.3 3 0
order_kafe/controller/menu_controller.go:97.22,102.3 3 0
order_kafe/controller/menu_controller.go:109.57,115.25 4 0
order_kafe/controller/menu_controller.go:122.2,123.16 2 0
order_kafe/controller/menu_controller.go:130.2,130.22 1 0
order_kafe/controller/menu_controller.go:137.2,138.19 2 0
order_kafe/controller/menu_controller.go:145.2,146.19 2 0
order_kafe/controller/menu_controller.go:153.2,153.21 1 0
order_kafe/controller/menu_controller.go:160.2,162.33 2 0
order_kafe/controller/menu_controller.go:115.25,120.3 3 0
order_kafe/controller/menu_controller.go:123.16,128.3 3 0
order_kafe/controller/menu_controller.go:130.22,135.3 3 0
order_kafe/controller/menu_controller.go:138.19,143.3 3 0
order_kafe/controller/menu_controller.go:146.19,151.3 3 0
order_kafe/controller/menu_controller.go:153.21,158.3 3 0
order_kafe/controller/menu_controller.go:165.54,171.25 4 0
order_kafe/controller/menu_controller.go:179.2,180.16 2 0
order_kafe/controller/menu_controller.go:186.2,186.22 1 0
order_kafe/controller/menu_controller.go:194.2,195.16 2 0
order_kafe/controller/menu_controller.go:203.2,206.21 3 0
order_kafe/controller/menu_controller.go:214.2,215.20 2 0
order_kafe/controller/menu_controller.go:223.2,226.28 3 0
order_kafe/controller/menu_controller.go:171.25,176.3 3 0
order_kafe/controller/menu_controller.go:180.16,185.3 3 0
order_kafe/controller/menu_controller.go:186.22,191.3 3 0
order_kafe/controller/menu_controller.go:195.16,201.3 4 0
order_kafe/controller/menu_controller.go:206.21,212.3 4 0
order_kafe/controller/menu_controller.go:215.20,221.3 4 0
order_kafe/database/registry.go:15.30,24.2 1 0
order_kafe/category/repository.go:16.61,18.2 1 0
order_kafe/category/repository.go:20.74,22.16 2 0
order_kafe/category/repository.go:26.2,26.22 1 0
order_kafe/category/repository.go:22.16,24.3 1 0
order_kafe/category/repository.go:29.62,33.16 3 0
order_kafe/category/repository.go:37.2,37.24 1 0
order_kafe/category/repository.go:33.16,35.3 1 0
order_kafe/category/repository.go:40.66,43.16 3 0
order_kafe/category/repository.go:47.2,47.22 1 0
order_kafe/category/repository.go:43.16,45.3 1 0
order_kafe/category/repository.go:50.77,52.16 2 0
order_kafe/category/repository.go:56.2,56.23 1 0
order_kafe/category/repository.go:52.16,54.3 1 0
order_kafe/item/mock_repository.go:13.56,15.2 1 0
order_kafe/item/mock_repository.go:23.56,25.28 2 0
order_kafe/item/mock_repository.go:25.28,27.3 1 0
order_kafe/item/mock_repository.go:27.8,30.3 2 0
order_kafe/item/mock_repository.go:33.53,36.28 2 0
order_kafe/item/mock_repository.go:36.28,38.3 1 0
order_kafe/item/mock_repository.go:38.8,41.3 2 0
order_kafe/item/mock_repository.go:44.57,47.28 2 0
order_kafe/item/mock_repository.go:47.28,49.3 1 0
order_kafe/item/mock_repository.go:49.8,52.3 2 0
order_kafe/item/mock_repository.go:55.58,57.28 2 0
order_kafe/item/mock_repository.go:57.28,59.3 1 0
order_kafe/item/mock_repository.go:59.8,62.3 2 0
order_kafe/item/mock_repository.go:65.58,67.28 2 0
order_kafe/item/mock_repository.go:67.28,69.3 1 0
order_kafe/item/mock_repository.go:69.8,72.3 2 0
order_kafe/item/repository.go:17.53,19.2 1 0
order_kafe/item/repository.go:21.56,23.16 2 0
order_kafe/item/repository.go:27.2,27.18 1 0
order_kafe/item/repository.go:23.16,25.3 1 0
order_kafe/item/repository.go:30.53,34.16 3 0
order_kafe/item/repository.go:38.2,38.19 1 0
order_kafe/item/repository.go:34.16,36.3 1 0
order_kafe/item/repository.go:41.57,44.16 3 0
order_kafe/item/repository.go:48.2,48.18 1 0
order_kafe/item/repository.go:44.16,46.3 1 0
order_kafe/item/repository.go:51.58,54.16 2 0
order_kafe/item/repository.go:58.2,58.18 1 0
order_kafe/item/repository.go:54.16,56.3 1 0
order_kafe/item/repository.go:61.58,63.16 2 0
order_kafe/item/repository.go:67.2,67.18 1 0
order_kafe/item/repository.go:63.16,65.3 1 0
order_kafe/payment/service.go:18.28,20.2 1 0
order_kafe/payment/service.go:22.90,44.16 8 0
order_kafe/payment/service.go:48.2,48.39 1 0
order_kafe/payment/service.go:44.16,46.3 1 0
order_kafe/transaction/service.go:22.144,24.2 1 0
order_kafe/transaction/service.go:26.88,28.16 2 0
order_kafe/transaction/service.go:32.2,32.26 1 0
order_kafe/transaction/service.go:28.16,30.3 1 0
order_kafe/transaction/service.go:35.71,37.16 2 0
order_kafe/transaction/service.go:41.2,41.26 1 0
order_kafe/transaction/service.go:37.16,39.3 1 0
order_kafe/transaction/service.go:44.98,53.16 8 0
order_kafe/transaction/service.go:57.2,63.19 3 0
order_kafe/transaction/service.go:66.2,69.22 3 0
order_kafe/transaction/service.go:73.2,73.22 1 0
order_kafe/transaction/service.go:53.16,55.3 1 0
order_kafe/transaction/service.go:63.19,65.3 1 0
order_kafe/transaction/service.go:69.22,71.3 1 0
order_kafe/helper/helper.go:16.86,29.2 3 0
order_kafe/helper/helper.go:31.48,34.53 2 0
order_kafe/helper/helper.go:38.2,38.15 1 0
order_kafe/helper/helper.go:34.53,36.3 1 0
order_kafe/payment/service.go:18.28,20.2 1 0
order_kafe/payment/service.go:22.90,44.16 8 0
order_kafe/payment/service.go:48.2,48.39 1 0
order_kafe/payment/service.go:44.16,46.3 1 0
order_kafe/controller/transaction_controller.go:19.102,21.2 1 0
order_kafe/controller/transaction_controller.go:23.72,29.16 4 0
order_kafe/controller/transaction_controller.go:36.2,39.33 3 0
order_kafe/controller/transaction_controller.go:29.16,34.3 3 0
order_kafe/controller/transaction_controller.go:42.68,46.25 3 0
order_kafe/controller/transaction_controller.go:53.2,54.16 2 0
order_kafe/controller/transaction_controller.go:61.2,64.33 3 0
order_kafe/controller/transaction_controller.go:46.25,51.3 3 0
order_kafe/controller/transaction_controller.go:54.16,59.3 3 0
order_kafe/controller/transaction_controller.go:67.70,71.16 3 0
order_kafe/controller/transaction_controller.go:80.2,84.21 4 0
order_kafe/controller/transaction_controller.go:90.2,93.33 3 0
order_kafe/controller/transaction_controller.go:71.16,78.3 5 0
order_kafe/controller/transaction_controller.go:84.21,88.3 3 0
order_kafe/user/test_init.go:16.29,20.16 3 0
order_kafe/user/test_init.go:23.2,36.16 2 0
order_kafe/user/test_init.go:39.2,47.11 5 0
order_kafe/user/test_init.go:20.16,21.13 1 0
order_kafe/user/test_init.go:36.16,37.13 1 0
order_kafe/item/repository.go:17.53,19.2 1 0
order_kafe/item/repository.go:21.56,23.16 2 0
order_kafe/item/repository.go:27.2,27.18 1 0
order_kafe/item/repository.go:23.16,25.3 1 0
order_kafe/item/repository.go:30.53,34.16 3 0
order_kafe/item/repository.go:38.2,38.19 1 0
order_kafe/item/repository.go:34.16,36.3 1 0
order_kafe/item/repository.go:41.57,44.16 3 0
order_kafe/item/repository.go:48.2,48.18 1 0
order_kafe/item/repository.go:44.16,46.3 1 0
order_kafe/item/repository.go:51.58,54.16 2 0
order_kafe/item/repository.go:58.2,58.18 1 0
order_kafe/item/repository.go:54.16,56.3 1 0
order_kafe/item/repository.go:61.58,63.16 2 0
order_kafe/item/repository.go:67.2,67.18 1 0
order_kafe/item/repository.go:63.16,65.3 1 0
order_kafe/detail_order/repository.go:17.67,19.2 1 0
order_kafe/detail_order/repository.go:21.95,23.16 2 0
order_kafe/detail_order/repository.go:27.2,27.20 1 0
order_kafe/detail_order/repository.go:23.16,25.3 1 0
order_kafe/controller/user_controller.go:18.93,20.2 1 0
order_kafe/controller/user_controller.go:22.58,25.16 3 0
order_kafe/controller/user_controller.go:32.2,33.20 2 0
order_kafe/controller/user_controller.go:40.2,42.21 2 0
order_kafe/controller/user_controller.go:49.2,53.33 3 0
order_kafe/controller/user_controller.go:25.16,30.3 3 0
order_kafe/controller/user_controller.go:33.20,38.3 3 0
order_kafe/controller/user_controller.go:42.21,47.3 3 0
order_kafe/controller/user_controller.go:56.48,60.16 3 0
order_kafe/controller/user_controller.go:66.2,67.21 2 0
order_kafe/controller/user_controller.go:74.2,76.21 2 0
order_kafe/controller/user_controller.go:83.2,87.33 3 0
order_kafe/controller/user_controller.go:60.16,64.3 3 0
order_kafe/controller/user_controller.go:67.21,72.3 3 0
order_kafe/controller/user_controller.go:76.21,81.3 3 0
order_kafe/controller/user_controller.go:90.65,94.16 3 0
order_kafe/controller/user_controller.go:103.2,104.16 2 0
order_kafe/controller/user_controller.go:111.2,117.22 3 0
order_kafe/controller/user_controller.go:121.2,122.33 2 0
order_kafe/controller/user_controller.go:94.16,101.3 5 0
order_kafe/controller/user_controller.go:104.16,109.3 4 0
order_kafe/controller/user_controller.go:117.22,119.3 1 0
order_kafe/controller/user_controller.go:125.55,127.16 2 0
order_kafe/controller/user_controller.go:136.2,142.21 5 0
order_kafe/controller/user_controller.go:150.2,151.20 2 0
order_kafe/controller/user_controller.go:159.2,162.28 3 0
order_kafe/controller/user_controller.go:127.16,133.3 4 0
order_kafe/controller/user_controller.go:142.21,148.3 4 0
order_kafe/controller/user_controller.go:151.20,157.3 4 0
order_kafe/controller/user_controller.go:165.53,172.16 5 0
order_kafe/controller/user_controller.go:179.2,180.22 2 0
order_kafe/controller/user_controller.go:187.2,189.33 2 0
order_kafe/controller/user_controller.go:172.16,177.3 3 0
order_kafe/controller/user_controller.go:180.22,185.3 3 0
order_kafe/main.go:23.13,84.2 43 0
order_kafe/main.go:86.93,87.30 1 0
order_kafe/main.go:87.30,90.46 2 0
order_kafe/main.go:96.3,98.27 3 0
order_kafe/main.go:102.3,103.17 2 0
order_kafe/main.go:109.3,111.26 2 0
order_kafe/main.go:117.3,120.17 3 0
order_kafe/main.go:126.3,126.29 1 0
order_kafe/main.go:90.46,94.4 3 0
order_kafe/main.go:98.27,100.4 1 0
order_kafe/main.go:103.17,107.4 3 0
order_kafe/main.go:111.26,115.4 3 0
order_kafe/main.go:120.17,124.4 3 0
order_kafe/category/test_init.go:16.29,20.16 3 1
order_kafe/category/test_init.go:23.2,36.16 2 1
order_kafe/category/test_init.go:39.2,47.11 5 1
order_kafe/category/test_init.go:20.16,21.13 1 0
order_kafe/category/test_init.go:36.16,37.13 1 0
order_kafe/item/test_init.go:16.29,20.16 3 0
order_kafe/item/test_init.go:23.2,36.16 2 0
order_kafe/item/test_init.go:39.2,47.11 5 0
order_kafe/item/test_init.go:20.16,21.13 1 0
order_kafe/item/test_init.go:36.16,37.13 1 0
order_kafe/controller/category_controller.go:18.87,20.2 1 0
order_kafe/controller/category_controller.go:22.67,28.25 4 0
order_kafe/controller/category_controller.go:35.2,36.16 2 0
order_kafe/controller/category_controller.go:43.2,44.20 2 0
order_kafe/controller/category_controller.go:52.2,54.33 2 0
order_kafe/controller/category_controller.go:28.25,33.3 3 0
order_kafe/controller/category_controller.go:36.16,41.3 3 0
order_kafe/controller/category_controller.go:44.20,48.3 2 0
order_kafe/controller/category_controller.go:57.63,59.16 2 0
order_kafe/controller/category_controller.go:66.2,68.33 2 0
order_kafe/controller/category_controller.go:59.16,64.3 3 0
order_kafe/controller/category_controller.go:71.64,77.25 4 0
order_kafe/controller/category_controller.go:84.2,85.16 2 0
order_kafe/controller/category_controller.go:92.2,92.22 1 0
order_kafe/controller/category_controller.go:99.2,100.19 2 0
order_kafe/controller/category_controller.go:107.2,108.19 2 0
order_kafe/controller/category_controller.go:115.2,115.21 1 0
order_kafe/controller/category_controller.go:122.2,124.33 2 0
order_kafe/controller/category_controller.go:77.25,82.3 3 0
order_kafe/controller/category_controller.go:85.16,90.3 3 0
order_kafe/controller/category_controller.go:92.22,97.3 3 0
order_kafe/controller/category_controller.go:100.19,105.3 3 0
order_kafe/controller/category_controller.go:108.19,113.3 3 0
order_kafe/controller/category_controller.go:115.21,120.3 3 0
order_kafe/transaction/repository.go:16.67,18.2 1 0
order_kafe/transaction/repository.go:20.80,24.16 3 0
order_kafe/transaction/repository.go:28.2,28.26 1 0
order_kafe/transaction/repository.go:24.16,26.3 1 0
order_kafe/transaction/repository.go:31.74,35.16 3 0
order_kafe/transaction/repository.go:39.2,39.26 1 0
order_kafe/transaction/repository.go:35.16,37.3 1 0
order_kafe/transaction/repository.go:42.84,44.16 2 0
order_kafe/transaction/repository.go:48.2,48.25 1 0
order_kafe/transaction/repository.go:44.16,46.3 1 0
order_kafe/transaction/repository.go:51.86,53.16 2 0
order_kafe/transaction/repository.go:57.2,57.25 1 0
order_kafe/transaction/repository.go:53.16,55.3 1 0
order_kafe/item/mock_repository.go:13.56,15.2 1 0
order_kafe/item/mock_repository.go:23.56,25.28 2 0
order_kafe/item/mock_repository.go:25.28,27.3 1 0
order_kafe/item/mock_repository.go:27.8,30.3 2 0
order_kafe/item/mock_repository.go:33.53,36.28 2 0
order_kafe/item/mock_repository.go:36.28,38.3 1 0
order_kafe/item/mock_repository.go:38.8,41.3 2 0
order_kafe/item/mock_repository.go:44.57,47.28 2 0
order_kafe/item/mock_repository.go:47.28,49.3 1 0
order_kafe/item/mock_repository.go:49.8,52.3 2 0
order_kafe/item/mock_repository.go:55.58,57.28 2 0
order_kafe/item/mock_repository.go:57.28,59.3 1 0
order_kafe/item/mock_repository.go:59.8,62.3 2 0
order_kafe/item/mock_repository.go:65.58,67.28 2 0
order_kafe/item/mock_repository.go:67.28,69.3 1 0
order_kafe/item/mock_repository.go:69.8,72.3 2 0
order_kafe/order/service.go:15.94,17.2 1 0
order_kafe/order/service.go:19.59,23.20 3 0
order_kafe/order/service.go:26.2,31.21 5 0
order_kafe/order/service.go:35.2,35.22 1 0
order_kafe/order/service.go:23.20,25.3 1 0
order_kafe/order/service.go:31.21,33.3 1 0
order_kafe/order/service.go:38.53,40.16 2 0
order_kafe/order/service.go:44.2,44.19 1 0
order_kafe/order/service.go:40.16,42.3 1 0
order_kafe/detail_order/mock_repository.go:14.56,16.2 1 0
order_kafe/detail_order/mock_repository.go:18.88,20.28 2 0
order_kafe/detail_order/mock_repository.go:20.28,22.3 1 0
order_kafe/detail_order/mock_repository.go:22.8,25.3 2 0
order_kafe/detail_order/service.go:13.82,15.2 1 0
order_kafe/detail_order/service.go:17.117,20.26 2 0
order_kafe/detail_order/service.go:25.2,26.16 2 0
order_kafe/detail_order/service.go:30.2,30.23 1 0
order_kafe/detail_order/service.go:20.26,22.3 1 0
order_kafe/detail_order/service.go:26.16,28.3 1 0
order_kafe/transaction/service.go:22.144,24.2 1 0
order_kafe/transaction/service.go:26.88,28.16 2 0
order_kafe/transaction/service.go:32.2,32.26 1 0
order_kafe/transaction/service.go:28.16,30.3 1 0
order_kafe/transaction/service.go:35.71,37.16 2 0
order_kafe/transaction/service.go:41.2,41.26 1 0
order_kafe/transaction/service.go:37.16,39.3 1 0
order_kafe/transaction/service.go:44.98,53.16 8 0
order_kafe/transaction/service.go:57.2,63.19 3 0
order_kafe/transaction/service.go:66.2,69.22 3 0
order_kafe/transaction/service.go:73.2,73.22 1 0
order_kafe/transaction/service.go:53.16,55.3 1 0
order_kafe/transaction/service.go:63.19,65.3 1 0
order_kafe/transaction/service.go:69.22,71.3 1 0
order_kafe/user/mock_repository.go:21.56,23.2 1 0
order_kafe/user/mock_repository.go:25.56,28.28 2 0
order_kafe/user/mock_repository.go:28.28,30.3 1 0
order_kafe/user/mock_repository.go:30.8,33.3 2 0
order_kafe/user/mock_repository.go:36.57,38.28 2 0
order_kafe/user/mock_repository.go:38.28,40.3 1 0
order_kafe/user/mock_repository.go:40.8,43.3 2 0
order_kafe/user/mock_repository.go:46.66,49.28 3 0
order_kafe/user/mock_repository.go:49.28,51.3 1 0
order_kafe/user/mock_repository.go:51.8,54.3 2 0
order_kafe/user/mock_repository.go:57.58,59.28 2 0
order_kafe/user/mock_repository.go:59.28,61.3 1 0
order_kafe/user/mock_repository.go:61.8,64.3 2 0
order_kafe/user/mock_repository.go:66.62,68.28 2 0
order_kafe/user/mock_repository.go:68.28,70.3 1 0
order_kafe/user/mock_repository.go:70.8,73.3 2 0
order_kafe/user/mock_repository.go:76.62,78.28 2 0
order_kafe/user/mock_repository.go:78.28,80.3 1 0
order_kafe/user/mock_repository.go:80.8,83.3 2 0
order_kafe/category/service.go:16.73,18.2 1 0
order_kafe/category/service.go:20.88,28.16 4 1
order_kafe/category/service.go:32.2,32.21 1 1
order_kafe/category/service.go:28.16,30.3 1 0
order_kafe/category/service.go:35.66,37.16 2 1
order_kafe/category/service.go:41.2,41.24 1 1
order_kafe/category/service.go:37.16,39.3 1 0
order_kafe/category/service.go:44.69,46.16 2 1
order_kafe/category/service.go:50.2,51.19 2 1
order_kafe/category/service.go:55.2,55.24 1 0
order_kafe/category/service.go:46.16,48.3 1 0
order_kafe/category/service.go:51.19,53.3 1 1
order_kafe/category/service.go:58.70,60.16 2 1
order_kafe/category/service.go:64.2,64.22 1 1
order_kafe/category/service.go:60.16,62.3 1 0
order_kafe/database/database.go:17.41,22.16 3 0
order_kafe/database/database.go:28.2,28.40 1 0
order_kafe/database/database.go:22.16,23.13 1 0
order_kafe/database/database.go:24.8,26.3 1 0
order_kafe/database/database.go:28.40,31.22 2 0
order_kafe/database/database.go:31.22,33.4 1 0
order_kafe/database/registry.go:15.30,24.2 1 0
order_kafe/user/repository.go:17.53,19.2 1 0
order_kafe/user/repository.go:21.56,23.16 2 0
order_kafe/user/repository.go:27.2,27.18 1 0
order_kafe/user/repository.go:23.16,25.3 1 0
order_kafe/user/repository.go:30.57,33.16 3 0
order_kafe/user/repository.go:37.2,37.18 1 0
order_kafe/user/repository.go:33.16,35.3 1 0
order_kafe/user/repository.go:40.66,44.16 3 0
order_kafe/user/repository.go:48.2,48.18 1 0
order_kafe/user/repository.go:44.16,46.3 1 0
order_kafe/user/repository.go:51.58,54.16 2 0
order_kafe/user/repository.go:58.2,58.18 1 0
order_kafe/user/repository.go:54.16,56.3 1 0
order_kafe/user/repository.go:61.62,63.16 2 0
order_kafe/user/repository.go:67.2,67.18 1 0
order_kafe/user/repository.go:63.16,65.3 1 0
order_kafe/user/service.go:22.61,24.2 1 0
order_kafe/user/service.go:26.67,31.20 3 0
order_kafe/user/service.go:36.2,43.16 6 0
order_kafe/user/service.go:47.2,47.18 1 0
order_kafe/user/service.go:31.20,33.3 1 0
order_kafe/user/service.go:43.16,45.3 1 0
order_kafe/user/service.go:50.61,55.16 4 0
order_kafe/user/service.go:60.2,60.18 1 0
order_kafe/user/service.go:64.2,65.16 2 0
order_kafe/user/service.go:69.2,69.18 1 0
order_kafe/user/service.go:55.16,57.3 1 0
order_kafe/user/service.go:60.18,62.3 1 0
order_kafe/user/service.go:65.16,67.3 1 0
order_kafe/user/service.go:72.77,76.16 3 0
order_kafe/user/service.go:80.2,80.18 1 0
order_kafe/user/service.go:84.2,84.19 1 0
order_kafe/user/service.go:76.16,78.3 1 0
order_kafe/user/service.go:80.18,82.3 1 0
order_kafe/user/service.go:87.75,89.20 2 0
order_kafe/user/service.go:93.2,99.22 6 0
order_kafe/user/service.go:103.2,103.25 1 0
order_kafe/user/service.go:89.20,91.3 1 0
order_kafe/user/service.go:99.22,101.3 1 0
order_kafe/user/service.go:106.77,108.16 2 0
order_kafe/user/service.go:112.2,115.22 3 0
order_kafe/user/service.go:119.2,119.25 1 0
order_kafe/user/service.go:108.16,110.3 1 0
order_kafe/user/service.go:115.22,117.3 1 0
order_kafe/user/service.go:122.57,124.16 2 0
order_kafe/user/service.go:128.2,128.18 1 0
order_kafe/user/service.go:132.2,132.18 1 0
order_kafe/user/service.go:124.16,126.3 1 0
order_kafe/user/service.go:128.18,130.3 1 0
order_kafe/controller/menu_controller.go:19.67,21.2 1 0
order_kafe/controller/menu_controller.go:23.59,27.25 3 0
order_kafe/controller/menu_controller.go:34.2,37.16 3 0
order_kafe/controller/menu_controller.go:44.2,45.20 2 0
order_kafe/controller/menu_controller.go:54.2,56.33 2 0
order_kafe/controller/menu_controller.go:27.25,32.3 3 0
order_kafe/controller/menu_controller.go:37.16,42.3 3 0
order_kafe/controller/menu_controller.go:45.20,50.3 3 0
order_kafe/controller/menu_controller.go:59.54,61.16 2 0
order_kafe/controller/menu_controller.go:68.2,71.33 3 0
order_kafe/controller/menu_controller.go:61.16,66.3 3 0
order_kafe/controller/menu_controller.go:74.57,80.25 4 0
order_kafe/controller/menu_controller.go:87.2,89.16 3 0
order_kafe/controller/menu_controller.go:96.2,97.22 2 0
order_kafe/controller/menu_controller.go:104.2,106.33 2 0
order_kafe/controller/menu_controller.go:80.25,85.3 3 0
order_kafe/controller/menu_controller.go:89.16,94.3 3 0
order_kafe/controller/menu_controller.go:97.22,102.3 3 0
order_kafe/controller/menu_controller.go:109.57,115.25 4 0
order_kafe/controller/menu_controller.go:122.2,123.16 2 0
order_kafe/controller/menu_controller.go:130.2,130.22 1 0
order_kafe/controller/menu_controller.go:137.2,138.19 2 0
order_kafe/controller/menu_controller.go:145.2,146.19 2 0
order_kafe/controller/menu_controller.go:153.2,153.21 1 0
order_kafe/controller/menu_controller.go:160.2,162.33 2 0
order_kafe/controller/menu_controller.go:115.25,120.3 3 0
order_kafe/controller/menu_controller.go:123.16,128.3 3 0
order_kafe/controller/menu_controller.go:130.22,135.3 3 0
order_kafe/controller/menu_controller.go:138.19,143.3 3 0
order_kafe/controller/menu_controller.go:146.19,151.3 3 0
order_kafe/controller/menu_controller.go:153.21,158.3 3 0
order_kafe/controller/menu_controller.go:165.54,171.25 4 0
order_kafe/controller/menu_controller.go:179.2,180.16 2 0
order_kafe/controller/menu_controller.go:186.2,186.22 1 0
order_kafe/controller/menu_controller.go:194.2,195.16 2 0
order_kafe/controller/menu_controller.go:203.2,206.21 3 0
order_kafe/controller/menu_controller.go:214.2,215.20 2 0
order_kafe/controller/menu_controller.go:223.2,226.28 3 0
order_kafe/controller/menu_controller.go:171.25,176.3 3 0
order_kafe/controller/menu_controller.go:180.16,185.3 3 0
order_kafe/controller/menu_controller.go:186.22,191.3 3 0
order_kafe/controller/menu_controller.go:195.16,201.3 4 0
order_kafe/controller/menu_controller.go:206.21,212.3 4 0
order_kafe/controller/menu_controller.go:215.20,221.3 4 0
order_kafe/controller/order_controller.go:19.113,21.2 1 0
order_kafe/controller/order_controller.go:23.61,31.16 5 0
order_kafe/controller/order_controller.go:39.2,40.21 2 0
order_kafe/controller/order_controller.go:45.2,49.22 3 0
order_kafe/controller/order_controller.go:57.2,59.33 2 0
order_kafe/controller/order_controller.go:31.16,36.3 3 0
order_kafe/controller/order_controller.go:40.21,44.3 2 0
order_kafe/controller/order_controller.go:49.22,53.3 2 0
order_kafe/controller/order_controller.go:62.60,66.25 3 0
order_kafe/controller/order_controller.go:73.2,74.16 2 0
order_kafe/controller/order_controller.go:81.2,84.33 3 0
order_kafe/controller/order_controller.go:66.25,71.3 3 0
order_kafe/controller/order_controller.go:74.16,79.3 3 0
order_kafe/category/mock_repository.go:13.56,15.2 1 0
order_kafe/category/mock_repository.go:22.70,24.28 2 1
order_kafe/category/mock_repository.go:24.28,26.3 1 0
order_kafe/category/mock_repository.go:26.8,29.3 2 1
order_kafe/category/mock_repository.go:32.58,35.28 2 1
order_kafe/category/mock_repository.go:35.28,37.3 1 0
order_kafe/category/mock_repository.go:37.8,40.3 2 1
order_kafe/category/mock_repository.go:43.62,46.28 2 1
order_kafe/category/mock_repository.go:46.28,48.3 1 0
order_kafe/category/mock_repository.go:48.8,51.3 2 1
order_kafe/category/mock_repository.go:54.73,56.28 2 1
order_kafe/category/mock_repository.go:56.28,58.3 1 1
order_kafe/category/mock_repository.go:58.8,61.3 2 0
order_kafe/config/config.go:17.33,32.2 1 0
order_kafe/config/config.go:34.55,36.47 1 0
order_kafe/config/config.go:41.2,41.21 1 0
order_kafe/config/config.go:36.47,38.3 1 0
order_kafe/category/repository.go:16.61,18.2 1 1
order_kafe/category/repository.go:20.74,22.16 2 0
order_kafe/category/repository.go:26.2,26.22 1 0
order_kafe/category/repository.go:22.16,24.3 1 0
order_kafe/category/repository.go:29.62,33.16 3 1
order_kafe/category/repository.go:37.2,37.24 1 1
order_kafe/category/repository.go:33.16,35.3 1 0
order_kafe/category/repository.go:40.66,43.16 3 1
order_kafe/category/repository.go:47.2,47.22 1 1
order_kafe/category/repository.go:43.16,45.3 1 0
order_kafe/category/repository.go:50.77,52.16 2 1
order_kafe/category/repository.go:56.2,56.23 1 1
order_kafe/category/repository.go:52.16,54.3 1 0
order_kafe/order/formatter.go:16.54,25.2 6 0
order_kafe/order/formatter.go:27.59,28.21 1 0
order_kafe/order/formatter.go:32.2,34.36 2 0
order_kafe/order/formatter.go:39.2,39.23 1 0
order_kafe/order/formatter.go:28.21,30.3 1 0
order_kafe/order/formatter.go:34.36,37.3 2 0
order_kafe/order/formatter.go:42.48,45.34 2 0
order_kafe/order/formatter.go:49.2,49.15 1 0
order_kafe/order/formatter.go:45.34,47.3 1 0
order_kafe/auth/jwt.go:19.31,21.2 1 0
order_kafe/auth/jwt.go:23.89,34.16 8 0
order_kafe/auth/jwt.go:38.2,38.25 1 0
order_kafe/auth/jwt.go:34.16,36.3 1 0
order_kafe/auth/jwt.go:41.77,42.84 1 0
order_kafe/auth/jwt.go:53.2,53.16 1 0
order_kafe/auth/jwt.go:57.2,57.19 1 0
order_kafe/auth/jwt.go:42.84,45.10 2 0
order_kafe/auth/jwt.go:49.3,49.57 1 0
order_kafe/auth/jwt.go:45.10,47.4 1 0
order_kafe/auth/jwt.go:53.16,55.3 1 0
order_kafe/user/formatter.go:12.56,23.2 2 0
order_kafe/item/service.go:19.109,21.2 1 0
order_kafe/item/service.go:23.71,36.20 9 0
order_kafe/item/service.go:40.2,44.16 3 0
order_kafe/item/service.go:48.2,48.21 1 0
order_kafe/item/service.go:36.20,38.3 1 0
order_kafe/item/service.go:44.16,46.3 1 0
order_kafe/item/service.go:51.76,53.16 2 0
order_kafe/item/service.go:57.2,60.22 3 0
order_kafe/item/service.go:64.2,64.25 1 0
order_kafe/item/service.go:53.16,55.3 1 0
order_kafe/item/service.go:60.22,62.3 1 0
order_kafe/item/service.go:67.52,69.16 2 0
order_kafe/item/service.go:73.2,73.19 1 0
order_kafe/item/service.go:69.16,71.3 1 0
order_kafe/item/service.go:76.53,78.16 2 0
order_kafe/item/service.go:82.2,82.18 1 0
order_kafe/item/service.go:78.16,80.3 1 0
order_kafe/item/service.go:86.79,88.20 2 0
order_kafe/item/service.go:92.2,99.22 7 0
order_kafe/item/service.go:103.2,103.25 1 0
order_kafe/item/service.go:88.20,90.3 1 0
order_kafe/item/service.go:99.22,101.3 1 0
order_kafe/item/service.go:106.56,108.16 2 0
order_kafe/item/service.go:112.2,113.19 2 0
order_kafe/item/service.go:117.2,117.24 1 0
order_kafe/item/service.go:108.16,110.3 1 0
order_kafe/item/service.go:113.19,115.3 1 0
order_kafe/order/repository.go:17.55,19.2 1 0
order_kafe/order/repository.go:21.60,23.16 2 0
order_kafe/order/repository.go:27.2,27.19 1 0
order_kafe/order/repository.go:23.16,25.3 1 0
order_kafe/order/repository.go:30.55,34.16 3 0
order_kafe/order/repository.go:38.2,38.20 1 0
order_kafe/order/repository.go:34.16,36.3 1 0
order_kafe/transaction/formatter.go:13.78,23.2 7 0
order_kafe/transaction/formatter.go:25.84,26.28 1 0
order_kafe/transaction/formatter.go:30.2,32.43 2 0
order_kafe/transaction/formatter.go:37.2,37.30 1 0
order_kafe/transaction/formatter.go:26.28,28.3 1 0
order_kafe/transaction/formatter.go:32.43,35.3 2 0
order_kafe/transaction/formatter.go:51.70,64.2 10 0
order_kafe/item/formatter.go:11.42,21.2 7 0
order_kafe/item/formatter.go:23.48,24.21 1 0
order_kafe/item/formatter.go:28.2,30.29 2 0
order_kafe/item/formatter.go:35.2,35.23 1 0
order_kafe/item/formatter.go:24.21,26.3 1 0
order_kafe/item/formatter.go:30.29,33.3 2 0
order_kafe/user/repository.go:17.53,19.2 1 0
order_kafe/user/repository.go:21.56,23.16 2 0
order_kafe/user/repository.go:27.2,27.18 1 0
order_kafe/user/repository.go:23.16,25.3 1 0
order_kafe/user/repository.go:30.57,33.16 3 0
order_kafe/user/repository.go:37.2,37.18 1 0
order_kafe/user/repository.go:33.16,35.3 1 0
order_kafe/user/repository.go:40.66,44.16 3 0
order_kafe/user/repository.go:48.2,48.18 1 0
order_kafe/user/repository.go:44.16,46.3 1 0
order_kafe/user/repository.go:51.58,54.16 2 0
order_kafe/user/repository.go:58.2,58.18 1 0
order_kafe/user/repository.go:54.16,56.3 1 0
order_kafe/user/repository.go:61.62,63.16 2 0
order_kafe/user/repository.go:67.2,67.18 1 0
order_kafe/user/repository.go:63.16,65.3 1 0
order_kafe/user/test_init.go:16.29,20.16 3 0
order_kafe/user/test_init.go:23.2,36.16 2 0
order_kafe/user/test_init.go:39.2,47.11 5 0
order_kafe/user/test_init.go:20.16,21.13 1 0
order_kafe/user/test_init.go:36.16,37.13 1 0
order_kafe/detail_order/repository.go:17.67,19.2 1 0
order_kafe/detail_order/repository.go:21.95,23.16 2 0
order_kafe/detail_order/repository.go:27.2,27.20 1 0
order_kafe/detail_order/repository.go:23.16,25.3 1 0
order_kafe/helper/helper.go:16.86,29.2 3 0
order_kafe/helper/helper.go:31.48,34.53 2 0
order_kafe/helper/helper.go:38.2,38.15 1 0
order_kafe/helper/helper.go:34.53,36.3 1 0
order_kafe/category/service.go:16.73,18.2 1 0
order_kafe/category/service.go:20.88,28.16 4 0
order_kafe/category/service.go:32.2,32.21 1 0
order_kafe/category/service.go:28.16,30.3 1 0
order_kafe/category/service.go:35.66,37.16 2 0
order_kafe/category/service.go:41.2,41.24 1 0
order_kafe/category/service.go:37.16,39.3 1 0
order_kafe/category/service.go:44.69,46.16 2 0
order_kafe/category/service.go:50.2,51.19 2 0
order_kafe/category/service.go:55.2,55.24 1 0
order_kafe/category/service.go:46.16,48.3 1 0
order_kafe/category/service.go:51.19,53.3 1 0
order_kafe/category/service.go:58.70,60.16 2 0
order_kafe/category/service.go:64.2,64.22 1 0
order_kafe/category/service.go:60.16,62.3 1 0
order_kafe/item/formatter.go:11.42,21.2 7 0
order_kafe/item/formatter.go:23.48,24.21 1 0
order_kafe/item/formatter.go:28.2,30.29 2 0
order_kafe/item/formatter.go:35.2,35.23 1 0
order_kafe/item/formatter.go:24.21,26.3 1 0
order_kafe/item/formatter.go:30.29,33.3 2 0
order_kafe/item/mock_repository.go:13.56,15.2 1 0
order_kafe/item/mock_repository.go:23.56,25.28 2 0
order_kafe/item/mock_repository.go:25.28,27.3 1 0
order_kafe/item/mock_repository.go:27.8,30.3 2 0
order_kafe/item/mock_repository.go:33.53,36.28 2 0
order_kafe/item/mock_repository.go:36.28,38.3 1 0
order_kafe/item/mock_repository.go:38.8,41.3 2 0
order_kafe/item/mock_repository.go:44.57,47.28 2 0
order_kafe/item/mock_repository.go:47.28,49.3 1 0
order_kafe/item/mock_repository.go:49.8,52.3 2 0
order_kafe/item/mock_repository.go:55.58,57.28 2 0
order_kafe/item/mock_repository.go:57.28,59.3 1 0
order_kafe/item/mock_repository.go:59.8,62.3 2 0
order_kafe/item/mock_repository.go:65.58,67.28 2 0
order_kafe/item/mock_repository.go:67.28,69.3 1 0
order_kafe/item/mock_repository.go:69.8,72.3 2 0
order_kafe/order/repository.go:17.55,19.2 1 0
order_kafe/order/repository.go:21.60,23.16 2 0
order_kafe/order/repository.go:27.2,27.19 1 0
order_kafe/order/repository.go:23.16,25.3 1 0
order_kafe/order/repository.go:30.55,34.16 3 0
order_kafe/order/repository.go:38.2,38.20 1 0
order_kafe/order/repository.go:34.16,36.3 1 0
order_kafe/transaction/formatter.go:13.78,23.2 7 0
order_kafe/transaction/formatter.go:25.84,26.28 1 0
order_kafe/transaction/formatter.go:30.2,32.43 2 0
order_kafe/transaction/formatter.go:37.2,37.30 1 0
order_kafe/transaction/formatter.go:26.28,28.3 1 0
order_kafe/transaction/formatter.go:32.43,35.3 2 0
order_kafe/transaction/formatter.go:51.70,64.2 10 0
order_kafe/transaction/repository.go:16.67,18.2 1 0
order_kafe/transaction/repository.go:20.80,24.16 3 0
order_kafe/transaction/repository.go:28.2,28.26 1 0
order_kafe/transaction/repository.go:24.16,26.3 1 0
order_kafe/transaction/repository.go:31.74,35.16 3 0
order_kafe/transaction/repository.go:39.2,39.26 1 0
order_kafe/transaction/repository.go:35.16,37.3 1 0
order_kafe/transaction/repository.go:42.84,44.16 2 0
order_kafe/transaction/repository.go:48.2,48.25 1 0
order_kafe/transaction/repository.go:44.16,46.3 1 0
order_kafe/transaction/repository.go:51.86,53.16 2 0
order_kafe/transaction/repository.go:57.2,57.25 1 0
order_kafe/transaction/repository.go:53.16,55.3 1 0
order_kafe/user/formatter.go:12.56,23.2 2 0
order_kafe/user/mock_repository.go:21.56,23.2 1 0
order_kafe/user/mock_repository.go:25.56,28.28 2 0
order_kafe/user/mock_repository.go:28.28,30.3 1 0
order_kafe/user/mock_repository.go:30.8,33.3 2 0
order_kafe/user/mock_repository.go:36.57,38.28 2 0
order_kafe/user/mock_repository.go:38.28,40.3 1 0
order_kafe/user/mock_repository.go:40.8,43.3 2 0
order_kafe/user/mock_repository.go:46.66,49.28 3 0
order_kafe/user/mock_repository.go:49.28,51.3 1 0
order_kafe/user/mock_repository.go:51.8,54.3 2 0
order_kafe/user/mock_repository.go:57.58,59.28 2 0
order_kafe/user/mock_repository.go:59.28,61.3 1 0
order_kafe/user/mock_repository.go:61.8,64.3 2 0
order_kafe/user/mock_repository.go:66.62,68.28 2 0
order_kafe/user/mock_repository.go:68.28,70.3 1 0
order_kafe/user/mock_repository.go:70.8,73.3 2 0
order_kafe/user/mock_repository.go:76.62,78.28 2 0
order_kafe/user/mock_repository.go:78.28,80.3 1 0
order_kafe/user/mock_repository.go:80.8,83.3 2 0
order_kafe/detail_order/mock_repository.go:14.56,16.2 1 0
order_kafe/detail_order/mock_repository.go:18.88,20.28 2 0
order_kafe/detail_order/mock_repository.go:20.28,22.3 1 0
order_kafe/detail_order/mock_repository.go:22.8,25.3 2 0
order_kafe/detail_order/service.go:13.82,15.2 1 0
order_kafe/detail_order/service.go:17.117,20.26 2 0
order_kafe/detail_order/service.go:25.2,26.16 2 0
order_kafe/detail_order/service.go:30.2,30.23 1 0
order_kafe/detail_order/service.go:20.26,22.3 1 0
order_kafe/detail_order/service.go:26.16,28.3 1 0
order_kafe/controller/menu_controller.go:19.67,21.2 1 0
order_kafe/controller/menu_controller.go:23.59,27.25 3 0
order_kafe/controller/menu_controller.go:34.2,37.16 3 0
order_kafe/controller/menu_controller.go:44.2,45.20 2 0
order_kafe/controller/menu_controller.go:54.2,56.33 2 0
order_kafe/controller/menu_controller.go:27.25,32.3 3 0
order_kafe/controller/menu_controller.go:37.16,42.3 3 0
order_kafe/controller/menu_controller.go:45.20,50.3 3 0
order_kafe/controller/menu_controller.go:59.54,61.16 2 0
order_kafe/controller/menu_controller.go:68.2,71.33 3 0
order_kafe/controller/menu_controller.go:61.16,66.3 3 0
order_kafe/controller/menu_controller.go:74.57,80.25 4 0
order_kafe/controller/menu_controller.go:87.2,89.16 3 0
order_kafe/controller/menu_controller.go:96.2,97.22 2 0
order_kafe/controller/menu_controller.go:104.2,106.33 2 0
order_kafe/controller/menu_controller.go:80.25,85.3 3 0
order_kafe/controller/menu_controller.go:89.16,94.3 3 0
order_kafe/controller/menu_controller.go:97.22,102.3 3 0
order_kafe/controller/menu_controller.go:109.57,115.25 4 0
order_kafe/controller/menu_controller.go:122.2,123.16 2 0
order_kafe/controller/menu_controller.go:130.2,130.22 1 0
order_kafe/controller/menu_controller.go:137.2,138.19 2 0
order_kafe/controller/menu_controller.go:145.2,146.19 2 0
order_kafe/controller/menu_controller.go:153.2,153.21 1 0
order_kafe/controller/menu_controller.go:160.2,162.33 2 0
order_kafe/controller/menu_controller.go:115.25,120.3 3 0
order_kafe/controller/menu_controller.go:123.16,128.3 3 0
order_kafe/controller/menu_controller.go:130.22,135.3 3 0
order_kafe/controller/menu_controller.go:138.19,143.3 3 0
order_kafe/controller/menu_controller.go:146.19,151.3 3 0
order_kafe/controller/menu_controller.go:153.21,158.3 3 0
order_kafe/controller/menu_controller.go:165.54,171.25 4 0
order_kafe/controller/menu_controller.go:179.2,180.16 2 0
order_kafe/controller/menu_controller.go:186.2,186.22 1 0
order_kafe/controller/menu_controller.go:194.2,195.16 2 0
order_kafe/controller/menu_controller.go:203.2,206.21 3 0
order_kafe/controller/menu_controller.go:214.2,215.20 2 0
order_kafe/controller/menu_controller.go:223.2,226.28 3 0
order_kafe/controller/menu_controller.go:171.25,176.3 3 0
order_kafe/controller/menu_controller.go:180.16,185.3 3 0
order_kafe/controller/menu_controller.go:186.22,191.3 3 0
order_kafe/controller/menu_controller.go:195.16,201.3 4 0
order_kafe/controller/menu_controller.go:206.21,212.3 4 0
order_kafe/controller/menu_controller.go:215.20,221.3 4 0
order_kafe/controller/transaction_controller.go:19.102,21.2 1 0
order_kafe/controller/transaction_controller.go:23.72,29.16 4 0
order_kafe/controller/transaction_controller.go:36.2,39.33 3 0
order_kafe/controller/transaction_controller.go:29.16,34.3 3 0
order_kafe/controller/transaction_controller.go:42.68,46.25 3 0
order_kafe/controller/transaction_controller.go:53.2,54.16 2 0
order_kafe/controller/transaction_controller.go:61.2,64.33 3 0
order_kafe/controller/transaction_controller.go:46.25,51.3 3 0
order_kafe/controller/transaction_controller.go:54.16,59.3 3 0
order_kafe/controller/transaction_controller.go:67.70,71.16 3 0
order_kafe/controller/transaction_controller.go:80.2,84.21 4 0
order_kafe/controller/transaction_controller.go:90.2,93.33 3 0
order_kafe/controller/transaction_controller.go:71.16,78.3 5 0
order_kafe/controller/transaction_controller.go:84.21,88.3 3 0
order_kafe/category/test_init.go:16.29,20.16 3 0
order_kafe/category/test_init.go:23.2,36.16 2 0
order_kafe/category/test_init.go:39.2,47.11 5 0
order_kafe/category/test_init.go:20.16,21.13 1 0
order_kafe/category/test_init.go:36.16,37.13 1 0
order_kafe/item/service.go:19.109,21.2 1 0
order_kafe/item/service.go:23.71,36.20 9 0
order_kafe/item/service.go:40.2,44.16 3 0
order_kafe/item/service.go:48.2,48.21 1 0
order_kafe/item/service.go:36.20,38.3 1 0
order_kafe/item/service.go:44.16,46.3 1 0
order_kafe/item/service.go:51.76,53.16 2 0
order_kafe/item/service.go:57.2,60.22 3 0
order_kafe/item/service.go:64.2,64.25 1 0
order_kafe/item/service.go:53.16,55.3 1 0
order_kafe/item/service.go:60.22,62.3 1 0
order_kafe/item/service.go:67.52,69.16 2 0
order_kafe/item/service.go:73.2,73.19 1 0
order_kafe/item/service.go:69.16,71.3 1 0
order_kafe/item/service.go:76.53,78.16 2 0
order_kafe/item/service.go:82.2,82.18 1 0
order_kafe/item/service.go:78.16,80.3 1 0
order_kafe/item/service.go:86.79,88.20 2 0
order_kafe/item/service.go:92.2,99.22 7 0
order_kafe/item/service.go:103.2,103.25 1 0
order_kafe/item/service.go:88.20,90.3 1 0
order_kafe/item/service.go:99.22,101.3 1 0
order_kafe/item/service.go:106.56,108.16 2 0
order_kafe/item/service.go:112.2,113.19 2 0
order_kafe/item/service.go:117.2,117.24 1 0
order_kafe/item/service.go:108.16,110.3 1 0
order_kafe/item/service.go:113.19,115.3 1 0
order_kafe/order/formatter.go:16.54,25.2 6 0
order_kafe/order/formatter.go:27.59,28.21 1 0
order_kafe/order/formatter.go:32.2,34.36 2 0
order_kafe/order/formatter.go:39.2,39.23 1 0
order_kafe/order/formatter.go:28.21,30.3 1 0
order_kafe/order/formatter.go:34.36,37.3 2 0
order_kafe/order/formatter.go:42.48,45.34 2 0
order_kafe/order/formatter.go:49.2,49.15 1 0
order_kafe/order/formatter.go:45.34,47.3 1 0
order_kafe/main.go:23.13,84.2 43 0
order_kafe/main.go:86.93,87.30 1 0
order_kafe/main.go:87.30,90.46 2 0
order_kafe/main.go:96.3,98.27 3 0
order_kafe/main.go:102.3,103.17 2 0
order_kafe/main.go:109.3,111.26 2 0
order_kafe/main.go:117.3,120.17 3 0
order_kafe/main.go:126.3,126.29 1 0
order_kafe/main.go:90.46,94.4 3 0
order_kafe/main.go:98.27,100.4 1 0
order_kafe/main.go:103.17,107.4 3 0
order_kafe/main.go:111.26,115.4 3 0
order_kafe/main.go:120.17,124.4 3 0
order_kafe/controller/order_controller.go:19.113,21.2 1 0
order_kafe/controller/order_controller.go:23.61,31.16 5 0
order_kafe/controller/order_controller.go:39.2,40.21 2 0
order_kafe/controller/order_controller.go:45.2,49.22 3 0
order_kafe/controller/order_controller.go:57.2,59.33 2 0
order_kafe/controller/order_controller.go:31.16,36.3 3 0
order_kafe/controller/order_controller.go:40.21,44.3 2 0
order_kafe/controller/order_controller.go:49.22,53.3 2 0
order_kafe/controller/order_controller.go:62.60,66.25 3 0
order_kafe/controller/order_controller.go:73.2,74.16 2 0
order_kafe/controller/order_controller.go:81.2,84.33 3 0
order_kafe/controller/order_controller.go:66.25,71.3 3 0
order_kafe/controller/order_controller.go:74.16,79.3 3 0
order_kafe/payment/service.go:18.28,20.2 1 0
order_kafe/payment/service.go:22.90,44.16 8 0
order_kafe/payment/service.go:48.2,48.39 1 0
order_kafe/payment/service.go:44.16,46.3 1 0
order_kafe/controller/category_controller.go:18.87,20.2 1 0
order_kafe/controller/category_controller.go:22.67,28.25 4 0
order_kafe/controller/category_controller.go:35.2,36.16 2 0
order_kafe/controller/category_controller.go:43.2,44.20 2 0
order_kafe/controller/category_controller.go:52.2,54.33 2 0
order_kafe/controller/category_controller.go:28.25,33.3 3 0
order_kafe/controller/category_controller.go:36.16,41.3 3 0
order_kafe/controller/category_controller.go:44.20,48.3 2 0
order_kafe/controller/category_controller.go:57.63,59.16 2 0
order_kafe/controller/category_controller.go:66.2,68.33 2 0
order_kafe/controller/category_controller.go:59.16,64.3 3 0
order_kafe/controller/category_controller.go:71.64,77.25 4 0
order_kafe/controller/category_controller.go:84.2,85.16 2 0
order_kafe/controller/category_controller.go:92.2,92.22 1 0
order_kafe/controller/category_controller.go:99.2,100.19 2 0
order_kafe/controller/category_controller.go:107.2,108.19 2 0
order_kafe/controller/category_controller.go:115.2,115.21 1 0
order_kafe/controller/category_controller.go:122.2,124.33 2 0
order_kafe/controller/category_controller.go:77.25,82.3 3 0
order_kafe/controller/category_controller.go:85.16,90.3 3 0
order_kafe/controller/category_controller.go:92.22,97.3 3 0
order_kafe/controller/category_controller.go:100.19,105.3 3 0
order_kafe/controller/category_controller.go:108.19,113.3 3 0
order_kafe/controller/category_controller.go:115.21,120.3 3 0
order_kafe/category/mock_repository.go:13.56,15.2 1 0
order_kafe/category/mock_repository.go:22.70,24.28 2 0
order_kafe/category/mock_repository.go:24.28,26.3 1 0
order_kafe/category/mock_repository.go:26.8,29.3 2 0
order_kafe/category/mock_repository.go:32.58,35.28 2 0
order_kafe/category/mock_repository.go:35.28,37.3 1 0
order_kafe/category/mock_repository.go:37.8,40.3 2 0
order_kafe/category/mock_repository.go:43.62,46.28 2 0
order_kafe/category/mock_repository.go:46.28,48.3 1 0
order_kafe/category/mock_repository.go:48.8,51.3 2 0
order_kafe/category/mock_repository.go:54.73,56.28 2 0
order_kafe/category/mock_repository.go:56.28,58.3 1 0
order_kafe/category/mock_repository.go:58.8,61.3 2 0
order_kafe/config/config.go:17.33,32.2 1 0
order_kafe/config/config.go:34.55,36.47 1 0
order_kafe/config/config.go:41.2,41.21 1 0
order_kafe/config/config.go:36.47,38.3 1 0
order_kafe/auth/jwt.go:19.31,21.2 1 0
order_kafe/auth/jwt.go:23.89,34.16 8 0
order_kafe/auth/jwt.go:38.2,38.25 1 0
order_kafe/auth/jwt.go:34.16,36.3 1 0
order_kafe/auth/jwt.go:41.77,42.84 1 0
order_kafe/auth/jwt.go:53.2,53.16 1 0
order_kafe/auth/jwt.go:57.2,57.19 1 0
order_kafe/auth/jwt.go:42.84,45.10 2 0
order_kafe/auth/jwt.go:49.3,49.57 1 0
order_kafe/auth/jwt.go:45.10,47.4 1 0
order_kafe/auth/jwt.go:53.16,55.3 1 0
order_kafe/item/repository.go:17.53,19.2 1 0
order_kafe/item/repository.go:21.56,23.16 2 0
order_kafe/item/repository.go:27.2,27.18 1 0
order_kafe/item/repository.go:23.16,25.3 1 0
order_kafe/item/repository.go:30.53,34.16 3 0
order_kafe/item/repository.go:38.2,38.19 1 0
order_kafe/item/repository.go:34.16,36.3 1 0
order_kafe/item/repository.go:41.57,44.16 3 0
order_kafe/item/repository.go:48.2,48.18 1 0
order_kafe/item/repository.go:44.16,46.3 1 0
order_kafe/item/repository.go:51.58,54.16 2 0
order_kafe/item/repository.go:58.2,58.18 1 0
order_kafe/item/repository.go:54.16,56.3 1 0
order_kafe/item/repository.go:61.58,63.16 2 0
order_kafe/item/repository.go:67.2,67.18 1 0
order_kafe/item/repository.go:63.16,65.3 1 0
order_kafe/item/test_init.go:16.29,20.16 3 0
order_kafe/item/test_init.go:23.2,36.16 2 0
order_kafe/item/test_init.go:39.2,47.11 5 0
order_kafe/item/test_init.go:20.16,21.13 1 0
order_kafe/item/test_init.go:36.16,37.13 1 0
order_kafe/order/service.go:15.94,17.2 1 0
order_kafe/order/service.go:19.59,23.20 3 0
order_kafe/order/service.go:26.2,31.21 5 0
order_kafe/order/service.go:35.2,35.22 1 0
order_kafe/order/service.go:23.20,25.3 1 0
order_kafe/order/service.go:31.21,33.3 1 0
order_kafe/order/service.go:38.53,40.16 2 0
order_kafe/order/service.go:44.2,44.19 1 0
order_kafe/order/service.go:40.16,42.3 1 0
order_kafe/transaction/service.go:22.144,24.2 1 0
order_kafe/transaction/service.go:26.88,28.16 2 0
order_kafe/transaction/service.go:32.2,32.26 1 0
order_kafe/transaction/service.go:28.16,30.3 1 0
order_kafe/transaction/service.go:35.71,37.16 2 0
order_kafe/transaction/service.go:41.2,41.26 1 0
order_kafe/transaction/service.go:37.16,39.3 1 0
order_kafe/transaction/service.go:44.98,53.16 8 0
order_kafe/transaction/service.go:57.2,63.19 3 0
order_kafe/transaction/service.go:66.2,69.22 3 0
order_kafe/transaction/service.go:73.2,73.22 1 0
order_kafe/transaction/service.go:53.16,55.3 1 0
order_kafe/transaction/service.go:63.19,65.3 1 0
order_kafe/transaction/service.go:69.22,71.3 1 0
order_kafe/category/repository.go:16.61,18.2 1 0
order_kafe/category/repository.go:20.74,22.16 2 0
order_kafe/category/repository.go:26.2,26.22 1 0
order_kafe/category/repository.go:22.16,24.3 1 0
order_kafe/category/repository.go:29.62,33.16 3 0
order_kafe/category/repository.go:37.2,37.24 1 0
order_kafe/category/repository.go:33.16,35.3 1 0
order_kafe/category/repository.go:40.66,43.16 3 0
order_kafe/category/repository.go:47.2,47.22 1 0
order_kafe/category/repository.go:43.16,45.3 1 0
order_kafe/category/repository.go:50.77,52.16 2 0
order_kafe/category/repository.go:56.2,56.23 1 0
order_kafe/category/repository.go:52.16,54.3 1 0
order_kafe/user/service.go:22.61,24.2 1 0
order_kafe/user/service.go:26.67,31.20 3 0
order_kafe/user/service.go:36.2,43.16 6 0
order_kafe/user/service.go:47.2,47.18 1 0
order_kafe/user/service.go:31.20,33.3 1 0
order_kafe/user/service.go:43.16,45.3 1 0
order_kafe/user/service.go:50.61,55.16 4 0
order_kafe/user/service.go:60.2,60.18 1 0
order_kafe/user/service.go:64.2,65.16 2 0
order_kafe/user/service.go:69.2,69.18 1 0
order_kafe/user/service.go:55.16,57.3 1 0
order_kafe/user/service.go:60.18,62.3 1 0
order_kafe/user/service.go:65.16,67.3 1 0
order_kafe/user/service.go:72.77,76.16 3 0
order_kafe/user/service.go:80.2,80.18 1 0
order_kafe/user/service.go:84.2,84.19 1 0
order_kafe/user/service.go:76.16,78.3 1 0
order_kafe/user/service.go:80.18,82.3 1 0
order_kafe/user/service.go:87.75,89.20 2 0
order_kafe/user/service.go:93.2,99.22 6 0
order_kafe/user/service.go:103.2,103.25 1 0
order_kafe/user/service.go:89.20,91.3 1 0
order_kafe/user/service.go:99.22,101.3 1 0
order_kafe/user/service.go:106.77,108.16 2 0
order_kafe/user/service.go:112.2,115.22 3 0
order_kafe/user/service.go:119.2,119.25 1 0
order_kafe/user/service.go:108.16,110.3 1 0
order_kafe/user/service.go:115.22,117.3 1 0
order_kafe/user/service.go:122.57,124.16 2 0
order_kafe/user/service.go:128.2,128.18 1 0
order_kafe/user/service.go:132.2,132.18 1 0
order_kafe/user/service.go:124.16,126.3 1 0
order_kafe/user/service.go:128.18,130.3 1 0
order_kafe/database/registry.go:15.30,24.2 1 0
order_kafe/controller/user_controller.go:18.93,20.2 1 0
order_kafe/controller/user_controller.go:22.58,25.16 3 0
order_kafe/controller/user_controller.go:32.2,33.20 2 0
order_kafe/controller/user_controller.go:40.2,42.21 2 0
order_kafe/controller/user_controller.go:49.2,53.33 3 0
order_kafe/controller/user_controller.go:25.16,30.3 3 0
order_kafe/controller/user_controller.go:33.20,38.3 3 0
order_kafe/controller/user_controller.go:42.21,47.3 3 0
order_kafe/controller/user_controller.go:56.48,60.16 3 0
order_kafe/controller/user_controller.go:66.2,67.21 2 0
order_kafe/controller/user_controller.go:74.2,76.21 2 0
order_kafe/controller/user_controller.go:83.2,87.33 3 0
order_kafe/controller/user_controller.go:60.16,64.3 3 0
order_kafe/controller/user_controller.go:67.21,72.3 3 0
order_kafe/controller/user_controller.go:76.21,81.3 3 0
order_kafe/controller/user_controller.go:90.65,94.16 3 0
order_kafe/controller/user_controller.go:103.2,104.16 2 0
order_kafe/controller/user_controller.go:111.2,117.22 3 0
order_kafe/controller/user_controller.go:121.2,122.33 2 0
order_kafe/controller/user_controller.go:94.16,101.3 5 0
order_kafe/controller/user_controller.go:104.16,109.3 4 0
order_kafe/controller/user_controller.go:117.22,119.3 1 0
order_kafe/controller/user_controller.go:125.55,127.16 2 0
order_kafe/controller/user_controller.go:136.2,142.21 5 0
order_kafe/controller/user_controller.go:150.2,151.20 2 0
order_kafe/controller/user_controller.go:159.2,162.28 3 0
order_kafe/controller/user_controller.go:127.16,133.3 4 0
order_kafe/controller/user_controller.go:142.21,148.3 4 0
order_kafe/controller/user_controller.go:151.20,157.3 4 0
order_kafe/controller/user_controller.go:165.53,172.16 5 0
order_kafe/controller/user_controller.go:179.2,180.22 2 0
order_kafe/controller/user_controller.go:187.2,189.33 2 0
order_kafe/controller/user_controller.go:172.16,177.3 3 0
order_kafe/controller/user_controller.go:180.22,185.3 3 0
order_kafe/database/database.go:17.41,22.16 3 0
order_kafe/database/database.go:28.2,28.40 1 0
order_kafe/database/database.go:22.16,23.13 1 0
order_kafe/database/database.go:24.8,26.3 1 0
order_kafe/database/database.go:28.40,31.22 2 0
order_kafe/database/database.go:31.22,33.4 1 0
order_kafe/controller/user_controller.go:18.93,20.2 1 0
order_kafe/controller/user_controller.go:22.58,25.16 3 0
order_kafe/controller/user_controller.go:32.2,33.20 2 0
order_kafe/controller/user_controller.go:40.2,42.21 2 0
order_kafe/controller/user_controller.go:49.2,53.33 3 0
order_kafe/controller/user_controller.go:25.16,30.3 3 0
order_kafe/controller/user_controller.go:33.20,38.3 3 0
order_kafe/controller/user_controller.go:42.21,47.3 3 0
order_kafe/controller/user_controller.go:56.48,60.16 3 0
order_kafe/controller/user_controller.go:66.2,67.21 2 0
order_kafe/controller/user_controller.go:74.2,76.21 2 0
order_kafe/controller/user_controller.go:83.2,87.33 3 0
order_kafe/controller/user_controller.go:60.16,64.3 3 0
order_kafe/controller/user_controller.go:67.21,72.3 3 0
order_kafe/controller/user_controller.go:76.21,81.3 3 0
order_kafe/controller/user_controller.go:90.65,94.16 3 0
order_kafe/controller/user_controller.go:103.2,104.16 2 0
order_kafe/controller/user_controller.go:111.2,117.22 3 0
order_kafe/controller/user_controller.go:121.2,122.33 2 0
order_kafe/controller/user_controller.go:94.16,101.3 5 0
order_kafe/controller/user_controller.go:104.16,109.3 4 0
order_kafe/controller/user_controller.go:117.22,119.3 1 0
order_kafe/controller/user_controller.go:125.55,127.16 2 0
order_kafe/controller/user_controller.go:136.2,142.21 5 0
order_kafe/controller/user_controller.go:150.2,151.20 2 0
order_kafe/controller/user_controller.go:159.2,162.28 3 0
order_kafe/controller/user_controller.go:127.16,133.3 4 0
order_kafe/controller/user_controller.go:142.21,148.3 4 0
order_kafe/controller/user_controller.go:151.20,157.3 4 0
order_kafe/controller/user_controller.go:165.53,172.16 5 0
order_kafe/controller/user_controller.go:179.2,180.22 2 0
order_kafe/controller/user_controller.go:187.2,189.33 2 0
order_kafe/controller/user_controller.go:172.16,177.3 3 0
order_kafe/controller/user_controller.go:180.22,185.3 3 0
order_kafe/user/repository.go:17.53,19.2 1 0
order_kafe/user/repository.go:21.56,23.16 2 0
order_kafe/user/repository.go:27.2,27.18 1 0
order_kafe/user/repository.go:23.16,25.3 1 0
order_kafe/user/repository.go:30.57,33.16 3 0
order_kafe/user/repository.go:37.2,37.18 1 0
order_kafe/user/repository.go:33.16,35.3 1 0
order_kafe/user/repository.go:40.66,44.16 3 0
order_kafe/user/repository.go:48.2,48.18 1 0
order_kafe/user/repository.go:44.16,46.3 1 0
order_kafe/user/repository.go:51.58,54.16 2 0
order_kafe/user/repository.go:58.2,58.18 1 0
order_kafe/user/repository.go:54.16,56.3 1 0
order_kafe/user/repository.go:61.62,63.16 2 0
order_kafe/user/repository.go:67.2,67.18 1 0
order_kafe/user/repository.go:63.16,65.3 1 0
order_kafe/transaction/service.go:22.144,24.2 1 0
order_kafe/transaction/service.go:26.88,28.16 2 0
order_kafe/transaction/service.go:32.2,32.26 1 0
order_kafe/transaction/service.go:28.16,30.3 1 0
order_kafe/transaction/service.go:35.71,37.16 2 0
order_kafe/transaction/service.go:41.2,41.26 1 0
order_kafe/transaction/service.go:37.16,39.3 1 0
order_kafe/transaction/service.go:44.98,53.16 8 0
order_kafe/transaction/service.go:57.2,63.19 3 0
order_kafe/transaction/service.go:66.2,69.22 3 0
order_kafe/transaction/service.go:73.2,73.22 1 0
order_kafe/transaction/service.go:53.16,55.3 1 0
order_kafe/transaction/service.go:63.19,65.3 1 0
order_kafe/transaction/service.go:69.22,71.3 1 0
order_kafe/controller/category_controller.go:18.87,20.2 1 0
order_kafe/controller/category_controller.go:22.67,28.25 4 0
order_kafe/controller/category_controller.go:35.2,36.16 2 0
order_kafe/controller/category_controller.go:43.2,44.20 2 0
order_kafe/controller/category_controller.go:52.2,54.33 2 0
order_kafe/controller/category_controller.go:28.25,33.3 3 0
order_kafe/controller/category_controller.go:36.16,41.3 3 0
order_kafe/controller/category_controller.go:44.20,48.3 2 0
order_kafe/controller/category_controller.go:57.63,59.16 2 0
order_kafe/controller/category_controller.go:66.2,68.33 2 0
order_kafe/controller/category_controller.go:59.16,64.3 3 0
order_kafe/controller/category_controller.go:71.64,77.25 4 0
order_kafe/controller/category_controller.go:84.2,85.16 2 0
order_kafe/controller/category_controller.go:92.2,92.22 1 0
order_kafe/controller/category_controller.go:99.2,100.19 2 0
order_kafe/controller/category_controller.go:107.2,108.19 2 0
order_kafe/controller/category_controller.go:115.2,115.21 1 0
order_kafe/controller/category_controller.go:122.2,124.33 2 0
order_kafe/controller/category_controller.go:77.25,82.3 3 0
order_kafe/controller/category_controller.go:85.16,90.3 3 0
order_kafe/controller/category_controller.go:92.22,97.3 3 0
order_kafe/controller/category_controller.go:100.19,105.3 3 0
order_kafe/controller/category_controller.go:108.19,113.3 3 0
order_kafe/controller/category_controller.go:115.21,120.3 3 0
order_kafe/controller/transaction_controller.go:19.102,21.2 1 0
order_kafe/controller/transaction_controller.go:23.72,29.16 4 0
order_kafe/controller/transaction_controller.go:36.2,39.33 3 0
order_kafe/controller/transaction_controller.go:29.16,34.3 3 0
order_kafe/controller/transaction_controller.go:42.68,46.25 3 0
order_kafe/controller/transaction_controller.go:53.2,54.16 2 0
order_kafe/controller/transaction_controller.go:61.2,64.33 3 0
order_kafe/controller/transaction_controller.go:46.25,51.3 3 0
order_kafe/controller/transaction_controller.go:54.16,59.3 3 0
order_kafe/controller/transaction_controller.go:67.70,71.16 3 0
order_kafe/controller/transaction_controller.go:80.2,84.21 4 0
order_kafe/controller/transaction_controller.go:90.2,93.33 3 0
order_kafe/controller/transaction_controller.go:71.16,78.3 5 0
order_kafe/controller/transaction_controller.go:84.21,88.3 3 0
order_kafe/item/mock_repository.go:13.56,15.2 1 0
order_kafe/item/mock_repository.go:23.56,25.28 2 1
order_kafe/item/mock_repository.go:25.28,27.3 1 0
order_kafe/item/mock_repository.go:27.8,30.3 2 1
order_kafe/item/mock_repository.go:33.53,36.28 2 1
order_kafe/item/mock_repository.go:36.28,38.3 1 0
order_kafe/item/mock_repository.go:38.8,41.3 2 1
order_kafe/item/mock_repository.go:44.57,47.28 2 1
order_kafe/item/mock_repository.go:47.28,49.3 1 1
order_kafe/item/mock_repository.go:49.8,52.3 2 1
order_kafe/item/mock_repository.go:55.58,57.28 2 1
order_kafe/item/mock_repository.go:57.28,59.3 1 1
order_kafe/item/mock_repository.go:59.8,62.3 2 0
order_kafe/item/mock_repository.go:65.58,67.28 2 0
order_kafe/item/mock_repository.go:67.28,69.3 1 0
order_kafe/item/mock_repository.go:69.8,72.3 2 0
order_kafe/auth/jwt.go:19.31,21.2 1 0
order_kafe/auth/jwt.go:23.89,34.16 8 0
order_kafe/auth/jwt.go:38.2,38.25 1 0
order_kafe/auth/jwt.go:34.16,36.3 1 0
order_kafe/auth/jwt.go:41.77,42.84 1 0
order_kafe/auth/jwt.go:53.2,53.16 1 0
order_kafe/auth/jwt.go:57.2,57.19 1 0
order_kafe/auth/jwt.go:42.84,45.10 2 0
order_kafe/auth/jwt.go:49.3,49.57 1 0
order_kafe/auth/jwt.go:45.10,47.4 1 0
order_kafe/auth/jwt.go:53.16,55.3 1 0
order_kafe/item/test_init.go:16.29,20.16 3 1
order_kafe/item/test_init.go:23.2,36.16 2 1
order_kafe/item/test_init.go:39.2,47.11 5 1
order_kafe/item/test_init.go:20.16,21.13 1 0
order_kafe/item/test_init.go:36.16,37.13 1 0
order_kafe/transaction/repository.go:16.67,18.2 1 0
order_kafe/transaction/repository.go:20.80,24.16 3 0
order_kafe/transaction/repository.go:28.2,28.26 1 0
order_kafe/transaction/repository.go:24.16,26.3 1 0
order_kafe/transaction/repository.go:31.74,35.16 3 0
order_kafe/transaction/repository.go:39.2,39.26 1 0
order_kafe/transaction/repository.go:35.16,37.3 1 0
order_kafe/transaction/repository.go:42.84,44.16 2 0
order_kafe/transaction/repository.go:48.2,48.25 1 0
order_kafe/transaction/repository.go:44.16,46.3 1 0
order_kafe/transaction/repository.go:51.86,53.16 2 0
order_kafe/transaction/repository.go:57.2,57.25 1 0
order_kafe/transaction/repository.go:53.16,55.3 1 0
order_kafe/database/registry.go:15.30,24.2 1 0
order_kafe/user/mock_repository.go:21.56,23.2 1 0
order_kafe/user/mock_repository.go:25.56,28.28 2 0
order_kafe/user/mock_repository.go:28.28,30.3 1 0
order_kafe/user/mock_repository.go:30.8,33.3 2 0
order_kafe/user/mock_repository.go:36.57,38.28 2 0
order_kafe/user/mock_repository.go:38.28,40.3 1 0
order_kafe/user/mock_repository.go:40.8,43.3 2 0
order_kafe/user/mock_repository.go:46.66,49.28 3 0
order_kafe/user/mock_repository.go:49.28,51.3 1 0
order_kafe/user/mock_repository.go:51.8,54.3 2 0
order_kafe/user/mock_repository.go:57.58,59.28 2 0
order_kafe/user/mock_repository.go:59.28,61.3 1 0
order_kafe/user/mock_repository.go:61.8,64.3 2 0
order_kafe/user/mock_repository.go:66.62,68.28 2 0
order_kafe/user/mock_repository.go:68.28,70.3 1 0
order_kafe/user/mock_repository.go:70.8,73.3 2 0
order_kafe/user/mock_repository.go:76.62,78.28 2 0
order_kafe/user/mock_repository.go:78.28,80.3 1 0
order_kafe/user/mock_repository.go:80.8,83.3 2 0
order_kafe/helper/helper.go:16.86,29.2 3 0
order_kafe/helper/helper.go:31.48,34.53 2 0
order_kafe/helper/helper.go:38.2,38.15 1 0
order_kafe/helper/helper.go:34.53,36.3 1 0
order_kafe/transaction/formatter.go:13.78,23.2 7 0
order_kafe/transaction/formatter.go:25.84,26.28 1 0
order_kafe/transaction/formatter.go:30.2,32.43 2 0
order_kafe/transaction/formatter.go:37.2,37.30 1 0
order_kafe/transaction/formatter.go:26.28,28.3 1 0
order_kafe/transaction/formatter.go:32.43,35.3 2 0
order_kafe/transaction/formatter.go:51.70,64.2 10 0
order_kafe/detail_order/service.go:13.82,15.2 1 0
order_kafe/detail_order/service.go:17.117,20.26 2 0
order_kafe/detail_order/service.go:25.2,26.16 2 0
order_kafe/detail_order/service.go:30.2,30.23 1 0
order_kafe/detail_order/service.go:20.26,22.3 1 0
order_kafe/detail_order/service.go:26.16,28.3 1 0
order_kafe/controller/menu_controller.go:19.67,21.2 1 0
order_kafe/controller/menu_controller.go:23.59,27.25 3 0
order_kafe/controller/menu_controller.go:34.2,37.16 3 0
order_kafe/controller/menu_controller.go:44.2,45.20 2 0
order_kafe/controller/menu_controller.go:54.2,56.33 2 0
order_kafe/controller/menu_controller.go:27.25,32.3 3 0
order_kafe/controller/menu_controller.go:37.16,42.3 3 0
order_kafe/controller/menu_controller.go:45.20,50.3 3 0
order_kafe/controller/menu_controller.go:59.54,61.16 2 0
order_kafe/controller/menu_controller.go:68.2,71.33 3 0
order_kafe/controller/menu_controller.go:61.16,66.3 3 0
order_kafe/controller/menu_controller.go:74.57,80.25 4 0
order_kafe/controller/menu_controller.go:87.2,89.16 3 0
order_kafe/controller/menu_controller.go:96.2,97.22 2 0
order_kafe/controller/menu_controller.go:104.2,106.33 2 0
order_kafe/controller/menu_controller.go:80.25,85.3 3 0
order_kafe/controller/menu_controller.go:89.16,94.3 3 0
order_kafe/controller/menu_controller.go:97.22,102.3 3 0
order_kafe/controller/menu_controller.go:109.57,115.25 4 0
order_kafe/controller/menu_controller.go:122.2,123.16 2 0
order_kafe/controller/menu_controller.go:130.2,130.22 1 0
order_kafe/controller/menu_controller.go:137.2,138.19 2 0
order_kafe/controller/menu_controller.go:145.2,146.19 2 0
order_kafe/controller/menu_controller.go:153.2,153.21 1 0
order_kafe/controller/menu_controller.go:160.2,162.33 2 0
order_kafe/controller/menu_controller.go:115.25,120.3 3 0
order_kafe/controller/menu_controller.go:123.16,128.3 3 0
order_kafe/controller/menu_controller.go:130.22,135.3 3 0
order_kafe/controller/menu_controller.go:138.19,143.3 3 0
order_kafe/controller/menu_controller.go:146.19,151.3 3 0
order_kafe/controller/menu_controller.go:153.21,158.3 3 0
order_kafe/controller/menu_controller.go:165.54,171.25 4 0
order_kafe/controller/menu_controller.go:179.2,180.16 2 0
order_kafe/controller/menu_controller.go:186.2,186.22 1 0
order_kafe/controller/menu_controller.go:194.2,195.16 2 0
order_kafe/controller/menu_controller.go:203.2,206.21 3 0
order_kafe/controller/menu_controller.go:214.2,215.20 2 0
order_kafe/controller/menu_controller.go:223.2,226.28 3 0
order_kafe/controller/menu_controller.go:171.25,176.3 3 0
order_kafe/controller/menu_controller.go:180.16,185.3 3 0
order_kafe/controller/menu_controller.go:186.22,191.3 3 0
order_kafe/controller/menu_controller.go:195.16,201.3 4 0
order_kafe/controller/menu_controller.go:206.21,212.3 4 0
order_kafe/controller/menu_controller.go:215.20,221.3 4 0
order_kafe/main.go:23.13,84.2 43 0
order_kafe/main.go:86.93,87.30 1 0
order_kafe/main.go:87.30,90.46 2 0
order_kafe/main.go:96.3,98.27 3 0
order_kafe/main.go:102.3,103.17 2 0
order_kafe/main.go:109.3,111.26 2 0
order_kafe/main.go:117.3,120.17 3 0
order_kafe/main.go:126.3,126.29 1 0
order_kafe/main.go:90.46,94.4 3 0
order_kafe/main.go:98.27,100.4 1 0
order_kafe/main.go:103.17,107.4 3 0
order_kafe/main.go:111.26,115.4 3 0
order_kafe/main.go:120.17,124.4 3 0
order_kafe/item/repository.go:17.53,19.2 1 1
order_kafe/item/repository.go:21.56,23.16 2 0
order_kafe/item/repository.go:27.2,27.18 1 0
order_kafe/item/repository.go:23.16,25.3 1 0
order_kafe/item/repository.go:30.53,34.16 3 1
order_kafe/item/repository.go:38.2,38.19 1 1
order_kafe/item/repository.go:34.16,36.3 1 0
order_kafe/item/repository.go:41.57,44.16 3 1
order_kafe/item/repository.go:48.2,48.18 1 1
order_kafe/item/repository.go:44.16,46.3 1 0
order_kafe/item/repository.go:51.58,54.16 2 0
order_kafe/item/repository.go:58.2,58.18 1 0
order_kafe/item/repository.go:54.16,56.3 1 0
order_kafe/item/repository.go:61.58,63.16 2 1
order_kafe/item/repository.go:67.2,67.18 1 1
order_kafe/item/repository.go:63.16,65.3 1 0
order_kafe/category/test_init.go:16.29,20.16 3 0
order_kafe/category/test_init.go:23.2,36.16 2 0
order_kafe/category/test_init.go:39.2,47.11 5 0
order_kafe/category/test_init.go:20.16,21.13 1 0
order_kafe/category/test_init.go:36.16,37.13 1 0
order_kafe/user/service.go:22.61,24.2 1 0
order_kafe/user/service.go:26.67,31.20 3 0
order_kafe/user/service.go:36.2,43.16 6 0
order_kafe/user/service.go:47.2,47.18 1 0
order_kafe/user/service.go:31.20,33.3 1 0
order_kafe/user/service.go:43.16,45.3 1 0
order_kafe/user/service.go:50.61,55.16 4 0
order_kafe/user/service.go:60.2,60.18 1 0
order_kafe/user/service.go:64.2,65.16 2 0
order_kafe/user/service.go:69.2,69.18 1 0
order_kafe/user/service.go:55.16,57.3 1 0
order_kafe/user/service.go:60.18,62.3 1 0
order_kafe/user/service.go:65.16,67.3 1 0
order_kafe/user/service.go:72.77,76.16 3 0
order_kafe/user/service.go:80.2,80.18 1 0
order_kafe/user/service.go:84.2,84.19 1 0
order_kafe/user/service.go:76.16,78.3 1 0
order_kafe/user/service.go:80.18,82.3 1 0
order_kafe/user/service.go:87.75,89.20 2 0
order_kafe/user/service.go:93.2,99.22 6 0
order_kafe/user/service.go:103.2,103.25 1 0
order_kafe/user/service.go:89.20,91.3 1 0
order_kafe/user/service.go:99.22,101.3 1 0
order_kafe/user/service.go:106.77,108.16 2 0
order_kafe/user/service.go:112.2,115.22 3 0
order_kafe/user/service.go:119.2,119.25 1 0
order_kafe/user/service.go:108.16,110.3 1 0
order_kafe/user/service.go:115.22,117.3 1 0
order_kafe/user/service.go:122.57,124.16 2 0
order_kafe/user/service.go:128.2,128.18 1 0
[...]
order_kafe/controller/category_controller.go:92.2,92.22 1 0
order_kafe/controller/category_controller.go:99.2,100.19 2 0
order_kafe/controller/category_controller.go:107.2,108.19 2 0
order_kafe/controller/category_controller.go:115.2,115.21 1 0
order_kafe/controller/category_controller.go:122.2,124.33 2 0
order_kafe/controller/category_controller.go:77.25,82.3 3 0
order_kafe/controller/category_controller.go:85.16,90.3 3 0
order_kafe/controller/category_controller.go:92.22,97.3 3 0
order_kafe/controller/category_controller.go:100.19,105.3 3 0
order_kafe/controller/category_controller.go:108.19,113.3 3 0
order_kafe/controller/category_controller.go:115.21,120.3 3 0
order_kafe/user/test_init.go:16.29,20.16 3 1
order_kafe/user/test_init.go:23.2,36.16 2 1
order_kafe/user/test_init.go:39.2,47.11 5 1
order_kafe/user/test_init.go:20.16,21.13 1 0
order_kafe/user/test_init.go:36.16,37.13 1 0
order_kafe/auth/jwt.go:19.31,21.2 1 0
order_kafe/auth/jwt.go:23.89,34.16 8 0
order_kafe/auth/jwt.go:38.2,38.25 1 0
order_kafe/auth/jwt.go:34.16,36.3 1 0
order_kafe/auth/jwt.go:41.77,42.84 1 0
order_kafe/auth/jwt.go:53.2,53.16 1 0
order_kafe/auth/jwt.go:57.2,57.19 1 0
order_kafe/auth/jwt.go:42.84,45.10 2 0
order_kafe/auth/jwt.go:49.3,49.57 1 0
order_kafe/auth/jwt.go:45.10,47.4 1 0
order_kafe/auth/jwt.go:53.16,55.3 1 0
order_kafe/item/test_init.go:16.29,20.16 3 0
order_kafe/item/test_init.go:23.2,36.16 2 0
order_kafe/item/test_init.go:39.2,47.11 5 0
order_kafe/item/test_init.go:20.16,21.13 1 0
order_kafe/item/test_init.go:36.16,37.13 1 0
order_kafe/order/formatter.go:16.54,25.2 6 0
order_kafe/order/formatter.go:27.59,28.21 1 0
order_kafe/order/formatter.go:32.2,34.36 2 0
order_kafe/order/formatter.go:39.2,39.23 1 0
order_kafe/order/formatter.go:28.21,30.3 1 0
order_kafe/order/formatter.go:34.36,37.3 2 0
order_kafe/order/formatter.go:42.48,45.34 2 0
order_kafe/order/formatter.go:49.2,49.15 1 0
order_kafe/order/formatter.go:45.34,47.3 1 0
order_kafe/controller/user_controller.go:18.93,20.2 1 0
order_kafe/controller/user_controller.go:22.58,25.16 3 0
order_kafe/controller/user_controller.go:32.2,33.20 2 0
order_kafe/controller/user_controller.go:40.2,42.21 2 0
order_kafe/controller/user_controller.go:49.2,53.33 3 0
order_kafe/controller/user_controller.go:25.16,30.3 3 0
order_kafe/controller/user_controller.go:33.20,38.3 3 0
order_kafe/controller/user_controller.go:42.21,47.3 3 0
order_kafe/controller/user_controller.go:56.48,60.16 3 0
order_kafe/controller/user_controller.go:66.2,67.21 2 0
order_kafe/controller/user_controller.go:74.2,76.21 2 0
order_kafe/controller/user_controller.go:83.2,87.33 3 0
order_kafe/controller/user_controller.go:60.16,64.3 3 0
order_kafe/controller/user_controller.go:67.21,72.3 3 0
order_kafe/controller/user_controller.go:76.21,81.3 3 0
order_kafe/controller/user_controller.go:90.65,94.16 3 0
order_kafe/controller/user_controller.go:103.2,104.16 2 0
order_kafe/controller/user_controller.go:111.2,117.22 3 0
order_kafe/controller/user_controller.go:121.2,122.33 2 0
order_kafe/controller/user_controller.go:94.16,101.3 5 0
order_kafe/controller/user_controller.go:104.16,109.3 4 0
order_kafe/controller/user_controller.go:117.22,119.3 1 0
order_kafe/controller/user_controller.go:125.55,127.16 2 0
order_kafe/controller/user_controller.go:136.2,142.21 5 0
order_kafe/controller/user_controller.go:150.2,151.20 2 0
order_kafe/controller/user_controller.go:159.2,162.28 3 0
order_kafe/controller/user_controller.go:127.16,133.3 4 0
order_kafe/controller/user_controller.go:142.21,148.3 4 0
order_kafe/controller/user_controller.go:151.20,157.3 4 0
order_kafe/controller/user_controller.go:165.53,172.16 5 0
order_kafe/controller/user_controller.go:179.2,180.22 2 0
order_kafe/controller/user_controller.go:187.2,189.33 2 0
order_kafe/controller/user_controller.go:172.16,177.3 3 0
order_kafe/controller/user_controller.go:180.22,185.3 3 0
order_kafe/user/repository.go:17.53,19.2 1 1
order_kafe/user/repository.go:21.56,23.16 2 0
order_kafe/user/repository.go:27.2,27.18 1 0
order_kafe/user/repository.go:23.16,25.3 1 0
order_kafe/user/repository.go:30.57,33.16 3 1
order_kafe/user/repository.go:37.2,37.18 1 1
order_kafe/user/repository.go:33.16,35.3 1 0
order_kafe/user/repository.go:40.66,44.16 3 1
order_kafe/user/repository.go:48.2,48.18 1 1
order_kafe/user/repository.go:44.16,46.3 1 0
order_kafe/user/repository.go:51.58,54.16 2 0
order_kafe/user/repository.go:58.2,58.18 1 0
order_kafe/user/repository.go:54.16,56.3 1 0
order_kafe/user/repository.go:61.62,63.16 2 0
order_kafe/user/repository.go:67.2,67.18 1 0
order_kafe/user/repository.go:63.16,65.3 1 0
order_kafe/user/formatter.go:12.56,23.2 2 0
order_kafe/user/service.go:22.61,24.2 1 0
order_kafe/user/service.go:26.67,31.20 3 0
order_kafe/user/service.go:36.2,43.16 6 0
order_kafe/user/service.go:47.2,47.18 1 0
order_kafe/user/service.go:31.20,33.3 1 0
order_kafe/user/service.go:43.16,45.3 1 0
order_kafe/user/service.go:50.61,55.16 4 1
order_kafe/user/service.go:60.2,60.18 1 1
order_kafe/user/service.go:64.2,65.16 2 1
order_kafe/user/service.go:69.2,69.18 1 1
order_kafe/user/service.go:55.16,57.3 1 0
order_kafe/user/service.go:60.18,62.3 1 0
order_kafe/user/service.go:65.16,67.3 1 0
order_kafe/user/service.go:72.77,76.16 3 1
order_kafe/user/service.go:80.2,80.18 1 1
order_kafe/user/service.go:84.2,84.19 1 1
order_kafe/user/service.go:76.16,78.3 1 0
order_kafe/user/service.go:80.18,82.3 1 0
order_kafe/user/service.go:87.75,89.20 2 1
order_kafe/user/service.go:93.2,99.22 6 0
order_kafe/user/service.go:103.2,103.25 1 0
order_kafe/user/service.go:89.20,91.3 1 1
order_kafe/user/service.go:99.22,101.3 1 0
order_kafe/user/service.go:106.77,108.16 2 1
order_kafe/user/service.go:112.2,115.22 3 1
order_kafe/user/service.go:119.2,119.25 1 1
order_kafe/user/service.go:108.16,110.3 1 0
order_kafe/user/service.go:115.22,117.3 1 0
order_kafe/user/service.go:122.57,124.16 2 1
order_kafe/user/service.go:128.2,128.18 1 1
order_kafe/user/service.go:132.2,132.18 1 1
order_kafe/user/service.go:124.16,126.3 1 0
order_kafe/user/service.go:128.18,130.3 1 0
order_kafe/config/config.go:17.33,32.2 1 0
order_kafe/config/config.go:34.55,36.47 1 0
order_kafe/config/config.go:41.2,41.21 1 0
order_kafe/config/config.go:36.47,38.3 1 0
order_kafe/item/repository.go:17.53,19.2 1 0
order_kafe/item/repository.go:21.56,23.16 2 0
order_kafe/item/repository.go:27.2,27.18 1 0
order_kafe/item/repository.go:23.16,25.3 1 0
order_kafe/item/repository.go:30.53,34.16 3 0
order_kafe/item/repository.go:38.2,38.19 1 0
order_kafe/item/repository.go:34.16,36.3 1 0
order_kafe/item/repository.go:41.57,44.16 3 0
order_kafe/item/repository.go:48.2,48.18 1 0
order_kafe/item/repository.go:44.16,46.3 1 0
order_kafe/item/repository.go:51.58,54.16 2 0
order_kafe/item/repository.go:58.2,58.18 1 0
order_kafe/item/repository.go:54.16,56.3 1 0
order_kafe/item/repository.go:61.58,63.16 2 0
order_kafe/item/repository.go:67.2,67.18 1 0
order_kafe/item/repository.go:63.16,65.3 1 0
order_kafe/detail_order/repository.go:17.67,19.2 1 0
order_kafe/detail_order/repository.go:21.95,23.16 2 0
order_kafe/detail_order/repository.go:27.2,27.20 1 0
order_kafe/detail_order/repository.go:23.16,25.3 1 0
order_kafe/transaction/service.go:22.144,24.2 1 0
order_kafe/transaction/service.go:26.88,28.16 2 0
order_kafe/transaction/service.go:32.2,32.26 1 0
order_kafe/transaction/service.go:28.16,30.3 1 0
order_kafe/transaction/service.go:35.71,37.16 2 0
order_kafe/transaction/service.go:41.2,41.26 1 0
order_kafe/transaction/service.go:37.16,39.3 1 0
order_kafe/transaction/service.go:44.98,53.16 8 0
order_kafe/transaction/service.go:57.2,63.19 3 0
order_kafe/transaction/service.go:66.2,69.22 3 0
order_kafe/transaction/service.go:73.2,73.22 1 0
order_kafe/transaction/service.go:53.16,55.3 1 0
order_kafe/transaction/service.go:63.19,65.3 1 0
order_kafe/transaction/service.go:69.22,71.3 1 0
order_kafe/controller/menu_controller.go:19.67,21.2 1 0
order_kafe/controller/menu_controller.go:23.59,27.25 3 0
order_kafe/controller/menu_controller.go:34.2,37.16 3 0
order_kafe/controller/menu_controller.go:44.2,45.20 2 0
order_kafe/controller/menu_controller.go:54.2,56.33 2 0
order_kafe/controller/menu_controller.go:27.25,32.3 3 0
order_kafe/controller/menu_controller.go:37.16,42.3 3 0
order_kafe/controller/menu_controller.go:45.20,50.3 3 0
order_kafe/controller/menu_controller.go:59.54,61.16 2 0
order_kafe/controller/menu_controller.go:68.2,71.33 3 0
order_kafe/controller/menu_controller.go:61.16,66.3 3 0
order_kafe/controller/menu_controller.go:74.57,80.25 4 0
order_kafe/controller/menu_controller.go:87.2,89.16 3 0
order_kafe/controller/menu_controller.go:96.2,97.22 2 0
order_kafe/controller/menu_controller.go:104.2,106.33 2 0
order_kafe/controller/menu_controller.go:80.25,85.3 3 0
order_kafe/controller/menu_controller.go:89.16,94.3 3 0
order_kafe/controller/menu_controller.go:97.22,102.3 3 0
order_kafe/controller/menu_controller.go:109.57,115.25 4 0
order_kafe/controller/menu_controller.go:122.2,123.16 2 0
order_kafe/controller/menu_controller.go:130.2,130.22 1 0
order_kafe/controller/menu_controller.go:137.2,138.19 2 0
order_kafe/controller/menu_controller.go:145.2,146.19 2 0
order_kafe/controller/menu_controller.go:153.2,153.21 1 0
order_kafe/controller/menu_controller.go:160.2,162.33 2 0
order_kafe/controller/menu_controller.go:115.25,120.3 3 0
order_kafe/controller/menu_controller.go:123.16,128.3 3 0
order_kafe/controller/menu_controller.go:130.22,135.3 3 0
order_kafe/controller/menu_controller.go:138.19,143.3 3 0
order_kafe/controller/menu_controller.go:146.19,151.3 3 0
order_kafe/controller/menu_controller.go:153.21,158.3 3 0
order_kafe/controller/menu_controller.go:165.54,171.25 4 0
order_kafe/controller/menu_controller.go:179.2,180.16 2 0
order_kafe/controller/menu_controller.go:186.2,186.22 1 0
order_kafe/controller/menu_controller.go:194.2,195.16 2 0
order_kafe/controller/menu_controller.go:203.2,206.21 3 0
order_kafe/controller/menu_controller.go:214.2,215.20 2 0
order_kafe/controller/menu_controller.go:223.2,226.28 3 0
order_kafe/controller/menu_controller.go:171.25,176.3 3 0
order_kafe/controller/menu_controller.go:180.16,185.3 3 0
order_kafe/controller/menu_controller.go:186.22,191.3 3 0
order_kafe/controller/menu_controller.go:195.16,201.3 4 0
order_kafe/controller/menu_controller.go:206.21,212.3 4 0
order_kafe/controller/menu_controller.go:215.20,221.3 4 0
order_kafe/controller/transaction_controller.go:19.102,21.2 1 0
order_kafe/controller/transaction_controller.go:23.72,29.16 4 0
order_kafe/controller/transaction_controller.go:36.2,39.33 3 0
order_kafe/controller/transaction_controller.go:29.16,34.3 3 0
order_kafe/controller/transaction_controller.go:42.68,46.25 3 0
order_kafe/controller/transaction_controller.go:53.2,54.16 2 0
order_kafe/controller/transaction_controller.go:61.2,64.33 3 0
order_kafe/controller/transaction_controller.go:46.25,51.3 3 0
order_kafe/controller/transaction_controller.go:54.16,59.3 3 0
order_kafe/controller/transaction_controller.go:67.70,71.16 3 0
order_kafe/controller/transaction_controller.go:80.2,84.21 4 0
order_kafe/controller/transaction_controller.go:90.2,93.33 3 0
order_kafe/controller/transaction_controller.go:71.16,78.3 5 0
order_kafe/controller/transaction_controller.go:84.21,88.3 3 0
order_kafe/category/service.go:16.73,18.2 1 0
order_kafe/category/service.go:20.88,28.16 4 0
order_kafe/category/service.go:32.2,32.21 1 0
order_kafe/category/service.go:28.16,30.3 1 0
order_kafe/category/service.go:35.66,37.16 2 0
order_kafe/category/service.go:41.2,41.24 1 0
order_kafe/category/service.go:37.16,39.3 1 0
order_kafe/category/service.go:44.69,46.16 2 0
order_kafe/category/service.go:50.2,51.19 2 0
order_kafe/category/service.go:55.2,55.24 1 0
order_kafe/category/service.go:46.16,48.3 1 0
order_kafe/category/service.go:51.19,53.3 1 0
order_kafe/category/service.go:58.70,60.16 2 0
order_kafe/category/service.go:64.2,64.22 1 0
order_kafe/category/service.go:60.16,62.3 1 0
order_kafe/order/repository.go:17.55,19.2 1 0
order_kafe/order/repository.go:21.60,23.16 2 0
order_kafe/order/repository.go:27.2,27.19 1 0
order_kafe/order/repository.go:23.16,25.3 1 0
order_kafe/order/repository.go:30.55,34.16 3 0
order_kafe/order/repository.go:38.2,38.20 1 0
order_kafe/order/repository.go:34.16,36.3 1 0
order_kafe/detail_order/service.go:13.82,15.2 1 0
order_kafe/detail_order/service.go:17.117,20.26 2 0
order_kafe/detail_order/service.go:25.2,26.16 2 0
order_kafe/detail_order/service.go:30.2,30.23 1 0
order_kafe/detail_order/service.go:20.26,22.3 1 0
order_kafe/detail_order/service.go:26.16,28.3 1 0
order_kafe/transaction/repository.go:16.67,18.2 1 0
order_kafe/transaction/repository.go:20.80,24.16 3 0
order_kafe/transaction/repository.go:28.2,28.26 1 0
order_kafe/transaction/repository.go:24.16,26.3 1 0
order_kafe/transaction/repository.go:31.74,35.16 3 0
order_kafe/transaction/repository.go:39.2,39.26 1 0
order_kafe/transaction/repository.go:35.16,37.3 1 0
order_kafe/transaction/repository.go:42.84,44.16 2 0
order_kafe/transaction/repository.go:48.2,48.25 1 0
order_kafe/transaction/repository.go:44.16,46.3 1 0
order_kafe/transaction/repository.go:51.86,53.16 2 0
order_kafe/transaction/repository.go:57.2,57.25 1 0
order_kafe/transaction/repository.go:53.16,55.3 1 0
order_kafe/database/database.go:17.41,22.16 3 0
order_kafe/database/database.go:28.2,28.40 1 0
order_kafe/database/database.go:22.16,23.13 1 0
order_kafe/database/database.go:24.8,26.3 1 0
order_kafe/database/database.go:28.40,31.22 2 0
order_kafe/database/database.go:31.22,33.4 1 0
order_kafe/payment/service.go:18.28,20.2 1 0
order_kafe/payment/service.go:22.90,44.16 8 0
order_kafe/payment/service.go:48.2,48.39 1 0
order_kafe/payment/service.go:44.16,46.3 1 0
order_kafe/controller/order_controller.go:19.113,21.2 1 0
order_kafe/controller/order_controller.go:23.61,31.16 5 0
order_kafe/controller/order_controller.go:39.2,40.21 2 0
order_kafe/controller/order_controller.go:45.2,49.22 3 0
order_kafe/controller/order_controller.go:57.2,59.33 2 0
order_kafe/controller/order_controller.go:31.16,36.3 3 0
order_kafe/controller/order_controller.go:40.21,44.3 2 0
order_kafe/controller/order_controller.go:49.22,53.3 2 0
order_kafe/controller/order_controller.go:62.60,66.25 3 0
order_kafe/controller/order_controller.go:73.2,74.16 2 0
order_kafe/controller/order_controller.go:81.2,84.33 3 0
order_kafe/controller/order_controller.go:66.25,71.3 3 0
order_kafe/controller/order_controller.go:74.16,79.3 3 0
order_kafe/category/repository.go:16.61,18.2 1 0
order_kafe/category/repository.go:20.74,22.16 2 0
order_kafe/category/repository.go:26.2,26.22 1 0
order_kafe/category/repository.go:22.16,24.3 1 0
order_kafe/category/repository.go:29.62,33.16 3 0
order_kafe/category/repository.go:37.2,37.24 1 0
order_kafe/category/repository.go:33.16,35.3 1 0
order_kafe/category/repository.go:40.66,43.16 3 0
order_kafe/category/repository.go:47.2,47.22 1 0
order_kafe/category/repository.go:43.16,45.3 1 0
order_kafe/category/repository.go:50.77,52.16 2 0
order_kafe/category/repository.go:56.2,56.23 1 0
order_kafe/category/repository.go:52.16,54.3 1 0
order_kafe/item/formatter.go:11.42,21.2 7 0
order_kafe/item/formatter.go:23.48,24.21 1 0
order_kafe/item/formatter.go:28.2,30.29 2 0
order_kafe/item/formatter.go:35.2,35.23 1 0
order_kafe/item/formatter.go:24.21,26.3 1 0
order_kafe/item/formatter.go:30.29,33.3 2 0
order_kafe/main.go:23.13,84.2 43 0
order_kafe/main.go:86.93,87.30 1 0
order_kafe/main.go:87.30,90.46 2 0
order_kafe/main.go:96.3,98.27 3 0
order_kafe/main.go:102.3,103.17 2 0
order_kafe/main.go:109.3,111.26 2 0
order_kafe/main.go:117.3,120.17 3 0
order_kafe/main.go:126.3,126.29 1 0
order_kafe/main.go:90.46,94.4 3 0
order_kafe/main.go:98.27,100.4 1 0
order_kafe/main.go:103.17,107.4 3 0
order_kafe/main.go:111.26,115.4 3 0
order_kafe/main.go:120.17,124.4 3 0
order_kafe/category/test_init.go:16.29,20.16 3 0
order_kafe/category/test_init.go:23.2,36.16 2 0
order_kafe/category/test_init.go:39.2,47.11 5 0
order_kafe/category/test_init.go:20.16,21.13 1 0
order_kafe/category/test_init.go:36.16,37.13 1 0
order_kafe/item/service.go:19.109,21.2 1 0
order_kafe/item/service.go:23.71,36.20 9 0
order_kafe/item/service.go:40.2,44.16 3 0
order_kafe/item/service.go:48.2,48.21 1 0
order_kafe/item/service.go:36.20,38.3 1 0
order_kafe/item/service.go:44.16,46.3 1 0
order_kafe/item/service.go:51.76,53.16 2 0
order_kafe/item/service.go:57.2,60.22 3 0
order_kafe/item/service.go:64.2,64.25 1 0
order_kafe/item/service.go:53.16,55.3 1 0
order_kafe/item/service.go:60.22,62.3 1 0
order_kafe/item/service.go:67.52,69.16 2 0
order_kafe/item/service.go:73.2,73.19 1 0
order_kafe/item/service.go:69.16,71.3 1 0
order_kafe/item/service.go:76.53,78.16 2 0
order_kafe/item/service.go:82.2,82.18 1 0
order_kafe/item/service.go:78.16,80.3 1 0
order_kafe/item/service.go:86.79,88.20 2 0
order_kafe/item/service.go:92.2,99.22 7 0
order_kafe/item/service.go:103.2,103.25 1 0
order_kafe/item/service.go:88.20,90.3 1 0
order_kafe/item/service.go:99.22,101.3 1 0
order_kafe/item/service.go:106.56,108.16 2 0
order_kafe/item/service.go:112.2,113.19 2 0
order_kafe/item/service.go:117.2,117.24 1 0
order_kafe/item/service.go:108.16,110.3 1 0
order_kafe/item/service.go:113.19,115.3 1 0
order_kafe/helper/helper.go:16.86,29.2 3 0
order_kafe/helper/helper.go:31.48,34.53 2 0
order_kafe/helper/helper.go:38.2,38.15 1 0
order_kafe/helper/helper.go:34.53,36.3 1 0
order_kafe/item/mock_repository.go:13.56,15.2 1 0
order_kafe/item/mock_repository.go:23.56,25.28 2 0
order_kafe/item/mock_repository.go:25.28,27.3 1 0
order_kafe/item/mock_repository.go:27.8,30.3 2 0
order_kafe/item/mock_repository.go:33.53,36.28 2 0
order_kafe/item/mock_repository.go:36.28,38.3 1 0
order_kafe/item/mock_repository.go:38.8,41.3 2 0
order_kafe/item/mock_repository.go:44.57,47.28 2 0
order_kafe/item/mock_repository.go:47.28,49.3 1 0
order_kafe/item/mock_repository.go:49.8,52.3 2 0
order_kafe/item/mock_repository.go:55.58,57.28 2 0
order_kafe/item/mock_repository.go:57.28,59.3 1 0
order_kafe/item/mock_repository.go:59.8,62.3 2 0
order_kafe/item/mock_repository.go:65.58,67.28 2 0
order_kafe/item/mock_repository.go:67.28,69.3 1 0
order_kafe/item/mock_repository.go:69.8,72.3 2 0
order_kafe/user/mock_repository.go:21.56,23.2 1 0
order_kafe/user/mock_repository.go:25.56,28.28 2 0
order_kafe/user/mock_repository.go:28.28,30.3 1 0
order_kafe/user/mock_repository.go:30.8,33.3 2 0
order_kafe/user/mock_repository.go:36.57,38.28 2 1
order_kafe/user/mock_repository.go:38.28,40.3 1 1
order_kafe/user/mock_repository.go:40.8,43.3 2 1
order_kafe/user/mock_repository.go:46.66,49.28 3 1
order_kafe/user/mock_repository.go:49.28,51.3 1 0
order_kafe/user/mock_repository.go:51.8,54.3 2 1
order_kafe/user/mock_repository.go:57.58,59.28 2 1
order_kafe/user/mock_repository.go:59.28,61.3 1 0
order_kafe/user/mock_repository.go:61.8,64.3 2 1
order_kafe/user/mock_repository.go:66.62,68.28 2 0
order_kafe/user/mock_repository.go:68.28,70.3 1 0
order_kafe/user/mock_repository.go:70.8,73.3 2 0
order_kafe/user/mock_repository.go:76.62,78.28 2 0
order_kafe/user/mock_repository.go:78.28,80.3 1 0
order_kafe/user/mock_repository.go:80.8,83.3 2 0
order_kafe/order/service.go:15.94,17.2 1 0
order_kafe/order/service.go:19.59,23.20 3 0
order_kafe/order/service.go:26.2,31.21 5 0
order_kafe/order/service.go:35.2,35.22 1 0
order_kafe/order/service.go:23.20,25.3 1 0
order_kafe/order/service.go:31.21,33.3 1 0
order_kafe/order/service.go:38.53,40.16 2 0
order_kafe/order/service.go:44.2,44.19 1 0
order_kafe/order/service.go:40.16,42.3 1 0
order_kafe/transaction/formatter.go:13.78,23.2 7 0
order_kafe/transaction/formatter.go:25.84,26.28 1 0
order_kafe/transaction/formatter.go:30.2,32.43 2 0
order_kafe/transaction/formatter.go:37.2,37.30 1 0
order_kafe/transaction/formatter.go:26.28,28.3 1 0
order_kafe/transaction/formatter.go:32.43,35.3 2 0
order_kafe/transaction/formatter.go:51.70,64.2 10 0
order_kafe/database/registry.go:15.30,24.2 1 0
